<?xml version="1.0" encoding="UTF-8" standalone="yes"?><!DOCTYPE report PUBLIC "-//JACOCO//DTD Report 1.1//EN" "report.dtd"><report name="pedidos-service"><sessioninfo id="Andromeda-Prime-c59e6145" start="1781061928396" dump="1781061932330"/><sessioninfo id="Andromeda-Prime-9e2d97b3" start="1781061952353" dump="1781061955889"/><sessioninfo id="Andromeda-Prime-65be895b" start="1781061993680" dump="1781061997466"/><sessioninfo id="Andromeda-Prime-cf5e4378" start="1781062012363" dump="1781062016139"/><sessioninfo id="Andromeda-Prime-ef1a6e25" start="1781062259186" dump="1781062262727"/><package name="com/empresa/pedidos/cache"><class name="com/empresa/pedidos/cache/CacheKeyConstants" sourcefilename="CacheKeyConstants.java"><method name="produtoKey" desc="(Ljava/lang/Long;)Ljava/lang/String;" line="11"><counter type="INSTRUCTION" missed="0" covered="3"/><counter type="LINE" missed="0" covered="1"/><counter type="COMPLEXITY" missed="0" covered="1"/><counter type="METHOD" missed="0" covered="1"/></method><counter type="INSTRUCTION" missed="0" covered="3"/><counter type="LINE" missed="0" covered="1"/><counter type="COMPLEXITY" missed="0" covered="1"/><counter type="METHOD" missed="0" covered="1"/><counter type="CLASS" missed="0" covered="1"/></class><class name="com/empresa/pedidos/cache/ProdutoCacheService" sourcefilename="ProdutoCacheService.java"><method name="buscarPorId" desc="(Ljava/lang/Long;)Ljava/util/Optional;" line="38"><counter type="INSTRUCTION" missed="0" covered="31"/><counter type="BRANCH" missed="1" covered="3"/><counter type="LINE" missed="0" covered="6"/><counter type="COMPLEXITY" missed="1" covered="2"/><counter type="METHOD" missed="0" covered="1"/></method><method name="recoverBuscarPorId" desc="(Lcom/empresa/pedidos/exception/RedisException;Ljava/lang/Long;)Ljava/util/Optional;" line="50"><counter type="INSTRUCTION" missed="0" covered="8"/><counter type="LINE" missed="0" covered="2"/><counter type="COMPLEXITY" missed="0" covered="1"/><counter type="METHOD" missed="0" covered="1"/></method><method name="salvarProduto" desc="(Lcom/empresa/pedidos/dto/ProdutoCacheDto;)V" line="64"><counter type="INSTRUCTION" missed="7" covered="24"/><counter type="LINE" missed="2" covered="8"/><counter type="COMPLEXITY" missed="0" covered="1"/><counter type="METHOD" missed="0" covered="1"/></method><method name="recoverSalvarProduto" desc="(Lcom/empresa/pedidos/exception/RedisException;Lcom/empresa/pedidos/dto/ProdutoCacheDto;)V" line="79"><counter type="INSTRUCTION" missed="0" covered="8"/><counter type="LINE" missed="0" covered="2"/><counter type="COMPLEXITY" missed="0" covered="1"/><counter type="METHOD" missed="0" covered="1"/></method><method name="ttlDuration" desc="()Ljava/time/Duration;" line="83"><counter type="INSTRUCTION" missed="0" covered="6"/><counter type="LINE" missed="0" covered="1"/><counter type="COMPLEXITY" missed="0" covered="1"/><counter type="METHOD" missed="0" covered="1"/></method><method name="&lt;clinit&gt;" desc="()V" line="19"><counter type="INSTRUCTION" missed="0" covered="4"/><counter type="LINE" missed="0" covered="1"/><counter type="COMPLEXITY" missed="0" covered="1"/><counter type="METHOD" missed="0" covered="1"/></method><counter type="INSTRUCTION" missed="7" covered="81"/><counter type="BRANCH" missed="1" covered="3"/><counter type="LINE" missed="2" covered="20"/><counter type="COMPLEXITY" missed="1" covered="7"/><counter type="METHOD" missed="0" covered="6"/><counter type="CLASS" missed="0" covered="1"/></class><sourcefile name="ProdutoCacheService.java"><line nr="19" mi="0" ci="4" mb="0" cb="0"/><line nr="38" mi="0" ci="8" mb="0" cb="0"/><line nr="39" mi="0" ci="5" mb="1" cb="3"/><line nr="40" mi="0" ci="2" mb="0" cb="0"/><line nr="42" mi="0" ci="8" mb="0" cb="0"/><line nr="43" mi="0" ci="1" mb="0" cb="0"/><line nr="44" mi="0" ci="7" mb="0" cb="0"/><line nr="50" mi="0" ci="6" mb="0" cb="0"/><line nr="51" mi="0" ci="2" mb="0" cb="0"/><line nr="64" mi="0" ci="5" mb="0" cb="0"/><line nr="65" mi="0" ci="5" mb="0" cb="0"/><line nr="66" mi="0" ci="4" mb="0" cb="0"/><line nr="68" mi="0" ci="1" mb="0" cb="0"/><line nr="70" mi="1" ci="0" mb="0" cb="0"/><line nr="71" mi="6" ci="0" mb="0" cb="0"/><line nr="72" mi="0" ci="1" mb="0" cb="0"/><line nr="73" mi="0" ci="6" mb="0" cb="0"/><line nr="74" mi="0" ci="1" mb="0" cb="0"/><line nr="75" mi="0" ci="1" mb="0" cb="0"/><line nr="79" mi="0" ci="7" mb="0" cb="0"/><line nr="80" mi="0" ci="1" mb="0" cb="0"/><line nr="83" mi="0" ci="6" mb="0" cb="0"/><counter type="INSTRUCTION" missed="7" covered="81"/><counter type="BRANCH" missed="1" covered="3"/><counter type="LINE" missed="2" covered="20"/><counter type="COMPLEXITY" missed="1" covered="7"/><counter type="METHOD" missed="0" covered="6"/><counter type="CLASS" missed="0" covered="1"/></sourcefile><sourcefile name="CacheKeyConstants.java"><line nr="11" mi="0" ci="3" mb="0" cb="0"/><counter type="INSTRUCTION" missed="0" covered="3"/><counter type="LINE" missed="0" covered="1"/><counter type="COMPLEXITY" missed="0" covered="1"/><counter type="METHOD" missed="0" covered="1"/><counter type="CLASS" missed="0" covered="1"/></sourcefile><counter type="INSTRUCTION" missed="7" covered="84"/><counter type="BRANCH" missed="1" covered="3"/><counter type="LINE" missed="2" covered="21"/><counter type="COMPLEXITY" missed="1" covered="8"/><counter type="METHOD" missed="0" covered="7"/><counter type="CLASS" missed="0" covered="2"/></package><package name="com/empresa/pedidos/service"><class name="com/empresa/pedidos/service/ProdutoConsultaService" sourcefilename="ProdutoConsultaService.java"><method name="buscarProdutoAtivo" desc="(Ljava/lang/Long;)Lcom/empresa/pedidos/dto/ProdutoCacheDto;" line="26"><counter type="INSTRUCTION" missed="0" covered="57"/><counter type="BRANCH" missed="0" covered="2"/><counter type="LINE" missed="0" covered="16"/><counter type="COMPLEXITY" missed="0" covered="2"/><counter type="METHOD" missed="0" covered="1"/></method><method name="validarAtivo" desc="(Lcom/empresa/pedidos/dto/ProdutoCacheDto;Ljava/lang/Long;)V" line="50"><counter type="INSTRUCTION" missed="0" covered="12"/><counter type="BRANCH" missed="0" covered="2"/><counter type="LINE" missed="0" covered="3"/><counter type="COMPLEXITY" missed="0" covered="2"/><counter type="METHOD" missed="0" covered="1"/></method><method name="lambda$buscarProdutoAtivo$0" desc="(Ljava/lang/Long;)Lcom/empresa/pedidos/exception/ValidationException;" line="36"><counter type="INSTRUCTION" missed="0" covered="6"/><counter type="LINE" missed="0" covered="1"/><counter type="COMPLEXITY" missed="0" covered="1"/><counter type="METHOD" missed="0" covered="1"/></method><method name="&lt;clinit&gt;" desc="()V" line="14"><counter type="INSTRUCTION" missed="0" covered="4"/><counter type="LINE" missed="0" covered="1"/><counter type="COMPLEXITY" missed="0" covered="1"/><counter type="METHOD" missed="0" covered="1"/></method><counter type="INSTRUCTION" missed="0" covered="79"/><counter type="BRANCH" missed="0" covered="4"/><counter type="LINE" missed="0" covered="20"/><counter type="COMPLEXITY" missed="0" covered="6"/><counter type="METHOD" missed="0" covered="4"/><counter type="CLASS" missed="0" covered="1"/></class><class name="com/empresa/pedidos/service/IdempotenciaService" sourcefilename="IdempotenciaService.java"><method name="jaProcessado" desc="(Ljava/lang/String;)Z" line="16"><counter type="INSTRUCTION" missed="0" covered="13"/><counter type="LINE" missed="0" covered="3"/><counter type="COMPLEXITY" missed="0" covered="1"/><counter type="METHOD" missed="0" covered="1"/></method><method name="registrar" desc="(Ljava/lang/String;)V" line="24"><counter type="INSTRUCTION" missed="0" covered="14"/><counter type="LINE" missed="0" covered="5"/><counter type="COMPLEXITY" missed="0" covered="1"/><counter type="METHOD" missed="0" covered="1"/></method><counter type="INSTRUCTION" missed="0" covered="27"/><counter type="LINE" missed="0" covered="8"/><counter type="COMPLEXITY" missed="0" covered="2"/><counter type="METHOD" missed="0" covered="2"/><counter type="CLASS" missed="0" covered="1"/></class><class name="com/empresa/pedidos/service/PedidoService" sourcefilename="PedidoService.java"><method name="criar" desc="(Lcom/empresa/pedidos/dto/PedidoRequest;)Lcom/empresa/pedidos/dto/PedidoResponse;" line="46"><counter type="INSTRUCTION" missed="0" covered="101"/><counter type="LINE" missed="0" covered="31"/><counter type="COMPLEXITY" missed="0" covered="1"/><counter type="METHOD" missed="0" covered="1"/></method><method name="buscarPorId" desc="(Ljava/lang/Long;)Lcom/empresa/pedidos/dto/PedidoResponse;" line="95"><counter type="INSTRUCTION" missed="0" covered="25"/><counter type="LINE" missed="0" covered="7"/><counter type="COMPLEXITY" missed="0" covered="1"/><counter type="METHOD" missed="0" covered="1"/></method><method name="listar" desc="(IILjava/lang/String;)Lcom/empresa/pedidos/dto/PageResponse;" line="107"><counter type="INSTRUCTION" missed="0" covered="45"/><counter type="LINE" missed="0" covered="11"/><counter type="COMPLEXITY" missed="0" covered="1"/><counter type="METHOD" missed="0" covered="1"/></method><method name="atualizar" desc="(Ljava/lang/Long;Lcom/empresa/pedidos/dto/PedidoRequest;)Lcom/empresa/pedidos/dto/PedidoResponse;" line="124"><counter type="INSTRUCTION" missed="8" covered="72"/><counter type="BRANCH" missed="0" covered="2"/><counter type="LINE" missed="2" covered="17"/><counter type="COMPLEXITY" missed="0" covered="2"/><counter type="METHOD" missed="0" covered="1"/></method><method name="atualizarStatus" desc="(Ljava/lang/Long;Lcom/empresa/pedidos/dto/PedidoStatusRequest;)Lcom/empresa/pedidos/dto/PedidoResponse;" line="155"><counter type="INSTRUCTION" missed="8" covered="51"/><counter type="BRANCH" missed="0" covered="2"/><counter type="LINE" missed="2" covered="13"/><counter type="COMPLEXITY" missed="0" covered="2"/><counter type="METHOD" missed="0" covered="1"/></method><method name="lambda$atualizarStatus$7" desc="(Ljava/lang/Long;)Lcom/empresa/pedidos/exception/NotFoundException;" line="166"><counter type="INSTRUCTION" missed="6" covered="0"/><counter type="LINE" missed="1" covered="0"/><counter type="COMPLEXITY" missed="1" covered="0"/><counter type="METHOD" missed="1" covered="0"/></method><method name="lambda$atualizarStatus$6" desc="(Ljava/lang/Long;)Lcom/empresa/pedidos/exception/NotFoundException;" line="156"><counter type="INSTRUCTION" missed="0" covered="6"/><counter type="LINE" missed="0" covered="1"/><counter type="COMPLEXITY" missed="0" covered="1"/><counter type="METHOD" missed="0" covered="1"/></method><method name="lambda$atualizar$5" desc="(Ljava/lang/Long;)Lcom/empresa/pedidos/exception/NotFoundException;" line="142"><counter type="INSTRUCTION" missed="6" covered="0"/><counter type="LINE" missed="1" covered="0"/><counter type="COMPLEXITY" missed="1" covered="0"/><counter type="METHOD" missed="1" covered="0"/></method><method name="lambda$atualizar$4" desc="(Lcom/empresa/pedidos/dto/PedidoRequest;)Lcom/empresa/pedidos/exception/ValidationException;" line="128"><counter type="INSTRUCTION" missed="7" covered="0"/><counter type="LINE" missed="2" covered="0"/><counter type="COMPLEXITY" missed="1" covered="0"/><counter type="METHOD" missed="1" covered="0"/></method><method name="lambda$atualizar$3" desc="(Ljava/lang/Long;)Lcom/empresa/pedidos/exception/NotFoundException;" line="125"><counter type="INSTRUCTION" missed="0" covered="6"/><counter type="LINE" missed="0" covered="1"/><counter type="COMPLEXITY" missed="0" covered="1"/><counter type="METHOD" missed="0" covered="1"/></method><method name="lambda$buscarPorId$2" desc="(Ljava/lang/Long;)Lcom/empresa/pedidos/exception/NotFoundException;" line="96"><counter type="INSTRUCTION" missed="0" covered="6"/><counter type="LINE" missed="0" covered="1"/><counter type="COMPLEXITY" missed="0" covered="1"/><counter type="METHOD" missed="0" covered="1"/></method><method name="lambda$criar$1" desc="()Lcom/empresa/pedidos/exception/NotFoundException;" line="78"><counter type="INSTRUCTION" missed="5" covered="0"/><counter type="LINE" missed="1" covered="0"/><counter type="COMPLEXITY" missed="1" covered="0"/><counter type="METHOD" missed="1" covered="0"/></method><method name="lambda$criar$0" desc="(Lcom/empresa/pedidos/dto/PedidoRequest;)Lcom/empresa/pedidos/exception/ValidationException;" line="47"><counter type="INSTRUCTION" missed="0" covered="7"/><counter type="LINE" missed="0" covered="2"/><counter type="COMPLEXITY" missed="0" covered="1"/><counter type="METHOD" missed="0" covered="1"/></method><method name="&lt;clinit&gt;" desc="()V" line="31"><counter type="INSTRUCTION" missed="0" covered="4"/><counter type="LINE" missed="0" covered="1"/><counter type="COMPLEXITY" missed="0" covered="1"/><counter type="METHOD" missed="0" covered="1"/></method><counter type="INSTRUCTION" missed="40" covered="323"/><counter type="BRANCH" missed="0" covered="4"/><counter type="LINE" missed="5" covered="81"/><counter type="COMPLEXITY" missed="4" covered="12"/><counter type="METHOD" missed="4" covered="10"/><counter type="CLASS" missed="0" covered="1"/></class><sourcefile name="IdempotenciaService.java"><line nr="16" mi="0" ci="5" mb="0" cb="0"/><line nr="17" mi="0" ci="1" mb="0" cb="0"/><line nr="18" mi="0" ci="7" mb="0" cb="0"/><line nr="24" mi="0" ci="4" mb="0" cb="0"/><line nr="25" mi="0" ci="1" mb="0" cb="0"/><line nr="26" mi="0" ci="7" mb="0" cb="0"/><line nr="27" mi="0" ci="1" mb="0" cb="0"/><line nr="28" mi="0" ci="1" mb="0" cb="0"/><counter type="INSTRUCTION" missed="0" covered="27"/><counter type="LINE" missed="0" covered="8"/><counter type="COMPLEXITY" missed="0" covered="2"/><counter type="METHOD" missed="0" covered="2"/><counter type="CLASS" missed="0" covered="1"/></sourcefile><sourcefile name="PedidoService.java"><line nr="31" mi="0" ci="4" mb="0" cb="0"/><line nr="46" mi="0" ci="7" mb="0" cb="0"/><line nr="47" mi="0" ci="6" mb="0" cb="0"/><line nr="48" mi="0" ci="3" mb="0" cb="0"/><line nr="50" mi="0" ci="6" mb="0" cb="0"/><line nr="52" mi="0" ci="1" mb="0" cb="0"/><line nr="53" mi="0" ci="3" mb="0" cb="0"/><line nr="54" mi="0" ci="3" mb="0" cb="0"/><line nr="55" mi="0" ci="3" mb="0" cb="0"/><line nr="56" mi="0" ci="3" mb="0" cb="0"/><line nr="57" mi="0" ci="3" mb="0" cb="0"/><line nr="58" mi="0" ci="1" mb="0" cb="0"/><line nr="59" mi="0" ci="2" mb="0" cb="0"/><line nr="61" mi="0" ci="5" mb="0" cb="0"/><line nr="62" mi="0" ci="3" mb="0" cb="0"/><line nr="64" mi="0" ci="3" mb="0" cb="0"/><line nr="66" mi="0" ci="2" mb="0" cb="0"/><line nr="67" mi="0" ci="2" mb="0" cb="0"/><line nr="68" mi="0" ci="2" mb="0" cb="0"/><line nr="69" mi="0" ci="2" mb="0" cb="0"/><line nr="70" mi="0" ci="2" mb="0" cb="0"/><line nr="71" mi="0" ci="4" mb="0" cb="0"/><line nr="75" mi="0" ci="4" mb="0" cb="0"/><line nr="77" mi="0" ci="6" mb="0" cb="0"/><line nr="78" mi="5" ci="3" mb="0" cb="0"/><line nr="79" mi="0" ci="5" mb="0" cb="0"/><line nr="81" mi="0" ci="3" mb="0" cb="0"/><line nr="84" mi="0" ci="6" mb="0" cb="0"/><line nr="85" mi="0" ci="5" mb="0" cb="0"/><line nr="86" mi="0" ci="1" mb="0" cb="0"/><line nr="87" mi="0" ci="2" mb="0" cb="0"/><line nr="88" mi="0" ci="1" mb="0" cb="0"/><line nr="89" mi="0" ci="6" mb="0" cb="0"/><line nr="95" mi="0" ci="6" mb="0" cb="0"/><line nr="96" mi="0" ci="9" mb="0" cb="0"/><line nr="97" mi="0" ci="5" mb="0" cb="0"/><line nr="98" mi="0" ci="1" mb="0" cb="0"/><line nr="99" mi="0" ci="2" mb="0" cb="0"/><line nr="100" mi="0" ci="1" mb="0" cb="0"/><line nr="101" mi="0" ci="7" mb="0" cb="0"/><line nr="107" mi="0" ci="3" mb="0" cb="0"/><line nr="108" mi="0" ci="3" mb="0" cb="0"/><line nr="109" mi="0" ci="6" mb="0" cb="0"/><line nr="110" mi="0" ci="8" mb="0" cb="0"/><line nr="111" mi="0" ci="4" mb="0" cb="0"/><line nr="112" mi="0" ci="5" mb="0" cb="0"/><line nr="113" mi="0" ci="6" mb="0" cb="0"/><line nr="114" mi="0" ci="1" mb="0" cb="0"/><line nr="115" mi="0" ci="2" mb="0" cb="0"/><line nr="116" mi="0" ci="1" mb="0" cb="0"/><line nr="117" mi="0" ci="6" mb="0" cb="0"/><line nr="124" mi="0" ci="6" mb="0" cb="0"/><line nr="125" mi="0" ci="9" mb="0" cb="0"/><line nr="127" mi="0" ci="7" mb="0" cb="0"/><line nr="128" mi="4" ci="2" mb="0" cb="0"/><line nr="129" mi="3" ci="0" mb="0" cb="0"/><line nr="130" mi="0" ci="6" mb="0" cb="0"/><line nr="132" mi="0" ci="4" mb="0" cb="0"/><line nr="133" mi="0" ci="4" mb="0" cb="0"/><line nr="134" mi="0" ci="4" mb="0" cb="0"/><line nr="136" mi="0" ci="5" mb="0" cb="0"/><line nr="137" mi="0" ci="2" mb="0" cb="2"/><line nr="138" mi="0" ci="6" mb="0" cb="0"/><line nr="141" mi="0" ci="6" mb="0" cb="0"/><line nr="142" mi="6" ci="3" mb="0" cb="0"/><line nr="143" mi="0" ci="6" mb="0" cb="0"/><line nr="144" mi="0" ci="5" mb="0" cb="0"/><line nr="145" mi="0" ci="1" mb="0" cb="0"/><line nr="146" mi="0" ci="2" mb="0" cb="0"/><line nr="147" mi="1" ci="0" mb="0" cb="0"/><line nr="148" mi="7" ci="0" mb="0" cb="0"/><line nr="155" mi="0" ci="6" mb="0" cb="0"/><line nr="156" mi="0" ci="8" mb="0" cb="0"/><line nr="158" mi="0" ci="3" mb="0" cb="0"/><line nr="160" mi="0" ci="7" mb="0" cb="0"/><line nr="161" mi="0" ci="2" mb="0" cb="2"/><line nr="162" mi="0" ci="6" mb="0" cb="0"/><line nr="165" mi="0" ci="6" mb="0" cb="0"/><line nr="166" mi="6" ci="3" mb="0" cb="0"/><line nr="167" mi="0" ci="6" mb="0" cb="0"/><line nr="170" mi="0" ci="2" mb="0" cb="0"/><line nr="172" mi="0" ci="5" mb="0" cb="0"/><line nr="173" mi="0" ci="1" mb="0" cb="0"/><line nr="174" mi="0" ci="2" mb="0" cb="0"/><line nr="175" mi="1" ci="0" mb="0" cb="0"/><line nr="176" mi="7" ci="0" mb="0" cb="0"/><counter type="INSTRUCTION" missed="40" covered="323"/><counter type="BRANCH" missed="0" covered="4"/><counter type="LINE" missed="5" covered="81"/><counter type="COMPLEXITY" missed="4" covered="12"/><counter type="METHOD" missed="4" covered="10"/><counter type="CLASS" missed="0" covered="1"/></sourcefile><sourcefile name="ProdutoConsultaService.java"><line nr="14" mi="0" ci="4" mb="0" cb="0"/><line nr="26" mi="0" ci="5" mb="0" cb="0"/><line nr="27" mi="0" ci="3" mb="0" cb="2"/><line nr="28" mi="0" ci="4" mb="0" cb="0"/><line nr="29" mi="0" ci="4" mb="0" cb="0"/><line nr="30" mi="0" ci="4" mb="0" cb="0"/><line nr="31" mi="0" ci="2" mb="0" cb="0"/><line nr="35" mi="0" ci="6" mb="0" cb="0"/><line nr="36" mi="0" ci="9" mb="0" cb="0"/><line nr="38" mi="0" ci="5" mb="0" cb="0"/><line nr="39" mi="0" ci="4" mb="0" cb="0"/><line nr="40" mi="0" ci="4" mb="0" cb="0"/><line nr="41" mi="0" ci="2" mb="0" cb="0"/><line nr="42" mi="0" ci="1" mb="0" cb="0"/><line nr="43" mi="0" ci="2" mb="0" cb="0"/><line nr="44" mi="0" ci="1" mb="0" cb="0"/><line nr="45" mi="0" ci="7" mb="0" cb="0"/><line nr="50" mi="0" ci="5" mb="0" cb="2"/><line nr="51" mi="0" ci="6" mb="0" cb="0"/><line nr="53" mi="0" ci="1" mb="0" cb="0"/><counter type="INSTRUCTION" missed="0" covered="79"/><counter type="BRANCH" missed="0" covered="4"/><counter type="LINE" missed="0" covered="20"/><counter type="COMPLEXITY" missed="0" covered="6"/><counter type="METHOD" missed="0" covered="4"/><counter type="CLASS" missed="0" covered="1"/></sourcefile><counter type="INSTRUCTION" missed="40" covered="429"/><counter type="BRANCH" missed="0" covered="8"/><counter type="LINE" missed="5" covered="109"/><counter type="COMPLEXITY" missed="4" covered="20"/><counter type="METHOD" missed="4" covered="16"/><counter type="CLASS" missed="0" covered="3"/></package><package name="com/empresa/pedidos/producer"><class name="com/empresa/pedidos/producer/PedidoCreateProducer" sourcefilename="PedidoCreateProducer.java"><method name="publicar" desc="(Lcom/empresa/pedidos/dto/PedidoCreateEvent;)V" line="44"><counter type="INSTRUCTION" missed="0" covered="111"/><counter type="BRANCH" missed="1" covered="3"/><counter type="LINE" missed="0" covered="21"/><counter type="COMPLEXITY" missed="1" covered="2"/><counter type="METHOD" missed="0" covered="1"/></method><method name="&lt;clinit&gt;" desc="()V" line="23"><counter type="INSTRUCTION" missed="0" covered="4"/><counter type="LINE" missed="0" covered="1"/><counter type="COMPLEXITY" missed="0" covered="1"/><counter type="METHOD" missed="0" covered="1"/></method><counter type="INSTRUCTION" missed="0" covered="115"/><counter type="BRANCH" missed="1" covered="3"/><counter type="LINE" missed="0" covered="22"/><counter type="COMPLEXITY" missed="1" covered="3"/><counter type="METHOD" missed="0" covered="2"/><counter type="CLASS" missed="0" covered="1"/></class><sourcefile name="PedidoCreateProducer.java"><line nr="23" mi="0" ci="4" mb="0" cb="0"/><line nr="44" mi="0" ci="5" mb="0" cb="0"/><line nr="45" mi="0" ci="8" mb="0" cb="0"/><line nr="47" mi="0" ci="2" mb="0" cb="0"/><line nr="48" mi="0" ci="5" mb="1" cb="3"/><line nr="49" mi="0" ci="10" mb="0" cb="0"/><line nr="51" mi="0" ci="2" mb="0" cb="0"/><line nr="55" mi="0" ci="6" mb="0" cb="0"/><line nr="56" mi="0" ci="6" mb="0" cb="0"/><line nr="58" mi="0" ci="8" mb="0" cb="0"/><line nr="59" mi="0" ci="18" mb="0" cb="0"/><line nr="60" mi="0" ci="1" mb="0" cb="0"/><line nr="61" mi="0" ci="8" mb="0" cb="0"/><line nr="62" mi="0" ci="1" mb="0" cb="0"/><line nr="63" mi="0" ci="2" mb="0" cb="0"/><line nr="64" mi="0" ci="8" mb="0" cb="0"/><line nr="65" mi="0" ci="1" mb="0" cb="0"/><line nr="66" mi="0" ci="9" mb="0" cb="0"/><line nr="67" mi="0" ci="1" mb="0" cb="0"/><line nr="68" mi="0" ci="8" mb="0" cb="0"/><line nr="69" mi="0" ci="1" mb="0" cb="0"/><line nr="70" mi="0" ci="1" mb="0" cb="0"/><counter type="INSTRUCTION" missed="0" covered="115"/><counter type="BRANCH" missed="1" covered="3"/><counter type="LINE" missed="0" covered="22"/><counter type="COMPLEXITY" missed="1" covered="3"/><counter type="METHOD" missed="0" covered="2"/><counter type="CLASS" missed="0" covered="1"/></sourcefile><counter type="INSTRUCTION" missed="0" covered="115"/><counter type="BRANCH" missed="1" covered="3"/><counter type="LINE" missed="0" covered="22"/><counter type="COMPLEXITY" missed="1" covered="3"/><counter type="METHOD" missed="0" covered="2"/><counter type="CLASS" missed="0" covered="1"/></package><package name="com/empresa/pedidos/config"><class name="com/empresa/pedidos/config/JdbiConfig" sourcefilename="JdbiConfig.java"><method name="&lt;init&gt;" desc="()V" line="16"><counter type="INSTRUCTION" missed="0" covered="3"/><counter type="LINE" missed="0" covered="1"/><counter type="COMPLEXITY" missed="0" covered="1"/><counter type="METHOD" missed="0" covered="1"/></method><method name="jdbi" desc="(Ljavax/sql/DataSource;)Lorg/jdbi/v3/core/Jdbi;" line="20"><counter type="INSTRUCTION" missed="0" covered="33"/><counter type="LINE" missed="0" covered="7"/><counter type="COMPLEXITY" missed="0" covered="1"/><counter type="METHOD" missed="0" covered="1"/></method><counter type="INSTRUCTION" missed="0" covered="36"/><counter type="LINE" missed="0" covered="8"/><counter type="COMPLEXITY" missed="0" covered="2"/><counter type="METHOD" missed="0" covered="2"/><counter type="CLASS" missed="0" covered="1"/></class><class name="com/empresa/pedidos/config/OpenApiConfig" sourcefilename="OpenApiConfig.java"><method name="&lt;init&gt;" desc="()V" line="10"><counter type="INSTRUCTION" missed="0" covered="3"/><counter type="LINE" missed="0" covered="1"/><counter type="COMPLEXITY" missed="0" covered="1"/><counter type="METHOD" missed="0" covered="1"/></method><method name="pedidosOpenApi" desc="()Lio/swagger/v3/oas/models/OpenAPI;" line="14"><counter type="INSTRUCTION" missed="0" covered="20"/><counter type="LINE" missed="0" covered="6"/><counter type="COMPLEXITY" missed="0" covered="1"/><counter type="METHOD" missed="0" covered="1"/></method><counter type="INSTRUCTION" missed="0" covered="23"/><counter type="LINE" missed="0" covered="7"/><counter type="COMPLEXITY" missed="0" covered="2"/><counter type="METHOD" missed="0" covered="2"/><counter type="CLASS" missed="0" covered="1"/></class><class name="com/empresa/pedidos/config/CorrelationIdFilter" sourcefilename="CorrelationIdFilter.java"><method name="&lt;init&gt;" desc="()V" line="19"><counter type="INSTRUCTION" missed="0" covered="3"/><counter type="LINE" missed="0" covered="1"/><counter type="COMPLEXITY" missed="0" covered="1"/><counter type="METHOD" missed="0" covered="1"/></method><method name="doFilterInternal" desc="(Ljakarta/servlet/http/HttpServletRequest;Ljakarta/servlet/http/HttpServletResponse;Ljakarta/servlet/FilterChain;)V" line="28"><counter type="INSTRUCTION" missed="0" covered="24"/><counter type="LINE" missed="0" covered="8"/><counter type="COMPLEXITY" missed="0" covered="1"/><counter type="METHOD" missed="0" covered="1"/></method><counter type="INSTRUCTION" missed="0" covered="27"/><counter type="LINE" missed="0" covered="9"/><counter type="COMPLEXITY" missed="0" covered="2"/><counter type="METHOD" missed="0" covered="2"/><counter type="CLASS" missed="0" covered="1"/></class><class name="com/empresa/pedidos/config/RedisConfig" sourcefilename="RedisConfig.java"><method name="&lt;init&gt;" desc="()V" line="18"><counter type="INSTRUCTION" missed="0" covered="3"/><counter type="LINE" missed="0" covered="1"/><counter type="COMPLEXITY" missed="0" covered="1"/><counter type="METHOD" missed="0" covered="1"/></method><method name="lettuceClientConfigurationBuilderCustomizer" desc="(Lcom/empresa/pedidos/config/RedisProperties;)Lorg/springframework/boot/autoconfigure/data/redis/LettuceClientConfigurationBuilderCustomizer;" line="23"><counter type="INSTRUCTION" missed="0" covered="3"/><counter type="LINE" missed="0" covered="1"/><counter type="COMPLEXITY" missed="0" covered="1"/><counter type="METHOD" missed="0" covered="1"/></method><method name="redisTemplate" desc="(Lorg/springframework/data/redis/connection/RedisConnectionFactory;)Lorg/springframework/data/redis/core/RedisTemplate;" line="37"><counter type="INSTRUCTION" missed="0" covered="31"/><counter type="LINE" missed="0" covered="8"/><counter type="COMPLEXITY" missed="0" covered="1"/><counter type="METHOD" missed="0" covered="1"/></method><method name="objectMapper" desc="()Lcom/fasterxml/jackson/databind/ObjectMapper;" line="49"><counter type="INSTRUCTION" missed="0" covered="12"/><counter type="LINE" missed="0" covered="3"/><counter type="COMPLEXITY" missed="0" covered="1"/><counter type="METHOD" missed="0" covered="1"/></method><method name="lambda$lettuceClientConfigurationBuilderCustomizer$0" desc="(Lcom/empresa/pedidos/config/RedisProperties;Lorg/springframework/data/redis/connection/lettuce/LettuceClientConfiguration$LettuceClientConfigurationBuilder;)V" line="24"><counter type="INSTRUCTION" missed="0" covered="22"/><counter type="LINE" missed="0" covered="9"/><counter type="COMPLEXITY" missed="0" covered="1"/><counter type="METHOD" missed="0" covered="1"/></method><counter type="INSTRUCTION" missed="0" covered="71"/><counter type="LINE" missed="0" covered="22"/><counter type="COMPLEXITY" missed="0" covered="5"/><counter type="METHOD" missed="0" covered="5"/><counter type="CLASS" missed="0" covered="1"/></class><class name="com/empresa/pedidos/config/RepositoryConfig" sourcefilename="RepositoryConfig.java"><method name="&lt;init&gt;" desc="()V" line="13"><counter type="INSTRUCTION" missed="0" covered="3"/><counter type="LINE" missed="0" covered="1"/><counter type="COMPLEXITY" missed="0" covered="1"/><counter type="METHOD" missed="0" covered="1"/></method><method name="pedidoRepository" desc="(Lorg/jdbi/v3/core/Jdbi;)Lcom/empresa/pedidos/repository/PedidoRepository;" line="17"><counter type="INSTRUCTION" missed="0" covered="5"/><counter type="LINE" missed="0" covered="1"/><counter type="COMPLEXITY" missed="0" covered="1"/><counter type="METHOD" missed="0" covered="1"/></method><method name="clienteRepository" desc="(Lorg/jdbi/v3/core/Jdbi;)Lcom/empresa/pedidos/repository/ClienteRepository;" line="22"><counter type="INSTRUCTION" missed="0" covered="5"/><counter type="LINE" missed="0" covered="1"/><counter type="COMPLEXITY" missed="0" covered="1"/><counter type="METHOD" missed="0" covered="1"/></method><method name="produtoRepository" desc="(Lorg/jdbi/v3/core/Jdbi;)Lcom/empresa/pedidos/repository/ProdutoRepository;" line="27"><counter type="INSTRUCTION" missed="0" covered="5"/><counter type="LINE" missed="0" covered="1"/><counter type="COMPLEXITY" missed="0" covered="1"/><counter type="METHOD" missed="0" covered="1"/></method><method name="auditoriaRepository" desc="(Lorg/jdbi/v3/core/Jdbi;)Lcom/empresa/pedidos/repository/AuditoriaRepository;" line="32"><counter type="INSTRUCTION" missed="0" covered="5"/><counter type="LINE" missed="0" covered="1"/><counter type="COMPLEXITY" missed="0" covered="1"/><counter type="METHOD" missed="0" covered="1"/></method><method name="mensagemProcessadaRepository" desc="(Lorg/jdbi/v3/core/Jdbi;)Lcom/empresa/pedidos/repository/MensagemProcessadaRepository;" line="37"><counter type="INSTRUCTION" missed="0" covered="5"/><counter type="LINE" missed="0" covered="1"/><counter type="COMPLEXITY" missed="0" covered="1"/><counter type="METHOD" missed="0" covered="1"/></method><counter type="INSTRUCTION" missed="0" covered="28"/><counter type="LINE" missed="0" covered="6"/><counter type="COMPLEXITY" missed="0" covered="6"/><counter type="METHOD" missed="0" covered="6"/><counter type="CLASS" missed="0" covered="1"/></class><class name="com/empresa/pedidos/config/KafkaHealthIndicator" sourcefilename="KafkaHealthIndicator.java"><method name="health" desc="()Lorg/springframework/boot/actuate/health/Health;" line="20"><counter type="INSTRUCTION" missed="0" covered="29"/><counter type="LINE" missed="0" covered="11"/><counter type="COMPLEXITY" missed="0" covered="1"/><counter type="METHOD" missed="0" covered="1"/></method><counter type="INSTRUCTION" missed="0" covered="29"/><counter type="LINE" missed="0" covered="11"/><counter type="COMPLEXITY" missed="0" covered="1"/><counter type="METHOD" missed="0" covered="1"/><counter type="CLASS" missed="0" covered="1"/></class><class name="com/empresa/pedidos/config/KafkaProperties$Topics" sourcefilename="KafkaProperties.java"><method name="&lt;init&gt;" desc="(Ljava/lang/String;Ljava/lang/String;Ljava/lang/String;Ljava/lang/String;)V" line="15"><counter type="INSTRUCTION" missed="0" covered="15"/><counter type="LINE" missed="0" covered="1"/><counter type="COMPLEXITY" missed="0" covered="1"/><counter type="METHOD" missed="0" covered="1"/></method><counter type="INSTRUCTION" missed="0" covered="15"/><counter type="LINE" missed="0" covered="1"/><counter type="COMPLEXITY" missed="0" covered="1"/><counter type="METHOD" missed="0" covered="1"/><counter type="CLASS" missed="0" covered="1"/></class><class name="com/empresa/pedidos/config/KafkaProperties" sourcefilename="KafkaProperties.java"><method name="&lt;init&gt;" desc="(ILcom/empresa/pedidos/config/KafkaProperties$Retry;Lcom/empresa/pedidos/config/KafkaProperties$Topics;)V" line="6"><counter type="INSTRUCTION" missed="0" covered="12"/><counter type="LINE" missed="0" covered="1"/><counter type="COMPLEXITY" missed="0" covered="1"/><counter type="METHOD" missed="0" covered="1"/></method><counter type="INSTRUCTION" missed="0" covered="12"/><counter type="LINE" missed="0" covered="1"/><counter type="COMPLEXITY" missed="0" covered="1"/><counter type="METHOD" missed="0" covered="1"/><counter type="CLASS" missed="0" covered="1"/></class><class name="com/empresa/pedidos/config/KafkaConfig" sourcefilename="KafkaConfig.java"><method name="kafkaAdmin" desc="()Lorg/springframework/kafka/core/KafkaAdmin;" line="55"><counter type="INSTRUCTION" missed="0" covered="31"/><counter type="LINE" missed="0" covered="5"/><counter type="COMPLEXITY" missed="0" covered="1"/><counter type="METHOD" missed="0" covered="1"/></method><method name="producerFactory" desc="()Lorg/springframework/kafka/core/ProducerFactory;" line="64"><counter type="INSTRUCTION" missed="0" covered="56"/><counter type="LINE" missed="0" covered="9"/><counter type="COMPLEXITY" missed="0" covered="1"/><counter type="METHOD" missed="0" covered="1"/></method><method name="kafkaTemplate" desc="(Lorg/springframework/kafka/core/ProducerFactory;)Lorg/springframework/kafka/core/KafkaTemplate;" line="77"><counter type="INSTRUCTION" missed="0" covered="5"/><counter type="LINE" missed="0" covered="1"/><counter type="COMPLEXITY" missed="0" covered="1"/><counter type="METHOD" missed="0" covered="1"/></method><method name="consumerFactory" desc="()Lorg/springframework/kafka/core/ConsumerFactory;" line="82"><counter type="INSTRUCTION" missed="0" covered="48"/><counter type="LINE" missed="0" covered="9"/><counter type="COMPLEXITY" missed="0" covered="1"/><counter type="METHOD" missed="0" covered="1"/></method><method name="kafkaListenerContainerFactory" desc="(Lorg/springframework/kafka/core/ConsumerFactory;Lorg/springframework/kafka/core/KafkaTemplate;)Lorg/springframework/kafka/config/ConcurrentKafkaListenerContainerFactory;" line="97"><counter type="INSTRUCTION" missed="0" covered="14"/><counter type="LINE" missed="0" covered="4"/><counter type="COMPLEXITY" missed="0" covered="1"/><counter type="METHOD" missed="0" covered="1"/></method><method name="kafkaErrorHandler" desc="(Lorg/springframework/kafka/core/KafkaTemplate;)Lorg/springframework/kafka/listener/DefaultErrorHandler;" line="106"><counter type="INSTRUCTION" missed="0" covered="36"/><counter type="LINE" missed="0" covered="7"/><counter type="COMPLEXITY" missed="0" covered="1"/><counter type="METHOD" missed="0" covered="1"/></method><method name="calcularMaxElapsedTime" desc="()J" line="124"><counter type="INSTRUCTION" missed="0" covered="32"/><counter type="BRANCH" missed="0" covered="2"/><counter type="LINE" missed="0" covered="6"/><counter type="COMPLEXITY" missed="0" covered="2"/><counter type="METHOD" missed="0" covered="1"/></method><method name="lambda$kafkaErrorHandler$0" desc="(Lorg/apache/kafka/clients/consumer/ConsumerRecord;Ljava/lang/Exception;)Lorg/apache/kafka/common/TopicPartition;" line="108"><counter type="INSTRUCTION" missed="10" covered="0"/><counter type="LINE" missed="3" covered="0"/><counter type="COMPLEXITY" missed="1" covered="0"/><counter type="METHOD" missed="1" covered="0"/></method><counter type="INSTRUCTION" missed="10" covered="222"/><counter type="BRANCH" missed="0" covered="2"/><counter type="LINE" missed="3" covered="41"/><counter type="COMPLEXITY" missed="1" covered="8"/><counter type="METHOD" missed="1" covered="7"/><counter type="CLASS" missed="0" covered="1"/></class><class name="com/empresa/pedidos/config/KafkaProperties$Retry" sourcefilename="KafkaProperties.java"><method name="&lt;init&gt;" desc="(IJD)V" line="12"><counter type="INSTRUCTION" missed="0" covered="12"/><counter type="LINE" missed="0" covered="1"/><counter type="COMPLEXITY" missed="0" covered="1"/><counter type="METHOD" missed="0" covered="1"/></method><counter type="INSTRUCTION" missed="0" covered="12"/><counter type="LINE" missed="0" covered="1"/><counter type="COMPLEXITY" missed="0" covered="1"/><counter type="METHOD" missed="0" covered="1"/><counter type="CLASS" missed="0" covered="1"/></class><class name="com/empresa/pedidos/config/RedisProperties$RetryProperties" sourcefilename="RedisProperties.java"><method name="&lt;init&gt;" desc="()V" line="20"><counter type="INSTRUCTION" missed="0" covered="12"/><counter type="LINE" missed="0" covered="4"/><counter type="COMPLEXITY" missed="0" covered="1"/><counter type="METHOD" missed="0" covered="1"/></method><counter type="INSTRUCTION" missed="0" covered="12"/><counter type="LINE" missed="0" covered="4"/><counter type="COMPLEXITY" missed="0" covered="1"/><counter type="METHOD" missed="0" covered="1"/><counter type="CLASS" missed="0" covered="1"/></class><class name="com/empresa/pedidos/config/RedisProperties" sourcefilename="RedisProperties.java"><method name="&lt;init&gt;" desc="()V" line="12"><counter type="INSTRUCTION" missed="0" covered="14"/><counter type="LINE" missed="0" covered="4"/><counter type="COMPLEXITY" missed="0" covered="1"/><counter type="METHOD" missed="0" covered="1"/></method><counter type="INSTRUCTION" missed="0" covered="14"/><counter type="LINE" missed="0" covered="4"/><counter type="COMPLEXITY" missed="0" covered="1"/><counter type="METHOD" missed="0" covered="1"/><counter type="CLASS" missed="0" covered="1"/></class><sourcefile name="CorrelationIdFilter.java"><line nr="19" mi="0" ci="3" mb="0" cb="0"/><line nr="28" mi="0" ci="6" mb="0" cb="0"/><line nr="29" mi="0" ci="2" mb="0" cb="0"/><line nr="30" mi="0" ci="3" mb="0" cb="0"/><line nr="31" mi="0" ci="5" mb="0" cb="0"/><line nr="32" mi="0" ci="4" mb="0" cb="0"/><line nr="34" mi="0" ci="1" mb="0" cb="0"/><line nr="35" mi="0" ci="2" mb="0" cb="0"/><line nr="37" mi="0" ci="1" mb="0" cb="0"/><counter type="INSTRUCTION" missed="0" covered="27"/><counter type="LINE" missed="0" covered="9"/><counter type="COMPLEXITY" missed="0" covered="2"/><counter type="METHOD" missed="0" covered="2"/><counter type="CLASS" missed="0" covered="1"/></sourcefile><sourcefile name="KafkaProperties.java"><line nr="6" mi="0" ci="12" mb="0" cb="0"/><line nr="12" mi="0" ci="12" mb="0" cb="0"/><line nr="15" mi="0" ci="15" mb="0" cb="0"/><counter type="INSTRUCTION" missed="0" covered="39"/><counter type="LINE" missed="0" covered="3"/><counter type="COMPLEXITY" missed="0" covered="3"/><counter type="METHOD" missed="0" covered="3"/><counter type="CLASS" missed="0" covered="3"/></sourcefile><sourcefile name="OpenApiConfig.java"><line nr="10" mi="0" ci="3" mb="0" cb="0"/><line nr="14" mi="0" ci="8" mb="0" cb="0"/><line nr="15" mi="0" ci="1" mb="0" cb="0"/><line nr="16" mi="0" ci="2" mb="0" cb="0"/><line nr="17" mi="0" ci="2" mb="0" cb="0"/><line nr="18" mi="0" ci="5" mb="0" cb="0"/><line nr="19" mi="0" ci="2" mb="0" cb="0"/><counter type="INSTRUCTION" missed="0" covered="23"/><counter type="LINE" missed="0" covered="7"/><counter type="COMPLEXITY" missed="0" covered="2"/><counter type="METHOD" missed="0" covered="2"/><counter type="CLASS" missed="0" covered="1"/></sourcefile><sourcefile name="JdbiConfig.java"><line nr="16" mi="0" ci="3" mb="0" cb="0"/><line nr="20" mi="0" ci="3" mb="0" cb="0"/><line nr="21" mi="0" ci="6" mb="0" cb="0"/><line nr="22" mi="0" ci="5" mb="0" cb="0"/><line nr="23" mi="0" ci="5" mb="0" cb="0"/><line nr="24" mi="0" ci="5" mb="0" cb="0"/><line nr="25" mi="0" ci="7" mb="0" cb="0"/><line nr="26" mi="0" ci="2" mb="0" cb="0"/><counter type="INSTRUCTION" missed="0" covered="36"/><counter type="LINE" missed="0" covered="8"/><counter type="COMPLEXITY" missed="0" covered="2"/><counter type="METHOD" missed="0" covered="2"/><counter type="CLASS" missed="0" covered="1"/></sourcefile><sourcefile name="KafkaConfig.java"><line nr="55" mi="0" ci="4" mb="0" cb="0"/><line nr="56" mi="0" ci="6" mb="0" cb="0"/><line nr="57" mi="0" ci="8" mb="0" cb="0"/><line nr="58" mi="0" ci="8" mb="0" cb="0"/><line nr="59" mi="0" ci="5" mb="0" cb="0"/><line nr="64" mi="0" ci="4" mb="0" cb="0"/><line nr="65" mi="0" ci="6" mb="0" cb="0"/><line nr="66" mi="0" ci="5" mb="0" cb="0"/><line nr="67" mi="0" ci="5" mb="0" cb="0"/><line nr="68" mi="0" ci="6" mb="0" cb="0"/><line nr="69" mi="0" ci="7" mb="0" cb="0"/><line nr="70" mi="0" ci="8" mb="0" cb="0"/><line nr="71" mi="0" ci="10" mb="0" cb="0"/><line nr="72" mi="0" ci="5" mb="0" cb="0"/><line nr="77" mi="0" ci="5" mb="0" cb="0"/><line nr="82" mi="0" ci="4" mb="0" cb="0"/><line nr="83" mi="0" ci="6" mb="0" cb="0"/><line nr="84" mi="0" ci="6" mb="0" cb="0"/><line nr="85" mi="0" ci="6" mb="0" cb="0"/><line nr="86" mi="0" ci="5" mb="0" cb="0"/><line nr="87" mi="0" ci="5" mb="0" cb="0"/><line nr="88" mi="0" ci="5" mb="0" cb="0"/><line nr="89" mi="0" ci="6" mb="0" cb="0"/><line nr="90" mi="0" ci="5" mb="0" cb="0"/><line nr="97" mi="0" ci="4" mb="0" cb="0"/><line nr="99" mi="0" ci="3" mb="0" cb="0"/><line nr="100" mi="0" ci="5" mb="0" cb="0"/><line nr="101" mi="0" ci="2" mb="0" cb="0"/><line nr="106" mi="0" ci="7" mb="0" cb="0"/><line nr="108" mi="5" ci="0" mb="0" cb="0"/><line nr="109" mi="3" ci="0" mb="0" cb="0"/><line nr="110" mi="2" ci="0" mb="0" cb="0"/><line nr="114" mi="0" ci="4" mb="0" cb="0"/><line nr="115" mi="0" ci="6" mb="0" cb="0"/><line nr="116" mi="0" ci="6" mb="0" cb="0"/><line nr="117" mi="0" ci="3" mb="0" cb="0"/><line nr="118" mi="0" ci="4" mb="0" cb="0"/><line nr="120" mi="0" ci="6" mb="0" cb="0"/><line nr="124" mi="0" ci="2" mb="0" cb="0"/><line nr="125" mi="0" ci="5" mb="0" cb="0"/><line nr="126" mi="0" ci="10" mb="0" cb="2"/><line nr="127" mi="0" ci="4" mb="0" cb="0"/><line nr="128" mi="0" ci="9" mb="0" cb="0"/><line nr="130" mi="0" ci="2" mb="0" cb="0"/><counter type="INSTRUCTION" missed="10" covered="222"/><counter type="BRANCH" missed="0" covered="2"/><counter type="LINE" missed="3" covered="41"/><counter type="COMPLEXITY" missed="1" covered="8"/><counter type="METHOD" missed="1" covered="7"/><counter type="CLASS" missed="0" covered="1"/></sourcefile><sourcefile name="KafkaHealthIndicator.java"><line nr="20" mi="0" ci="5" mb="0" cb="0"/><line nr="21" mi="0" ci="2" mb="0" cb="0"/><line nr="22" mi="0" ci="3" mb="0" cb="0"/><line nr="23" mi="0" ci="3" mb="0" cb="0"/><line nr="24" mi="0" ci="5" mb="0" cb="0"/><line nr="25" mi="0" ci="1" mb="0" cb="0"/><line nr="26" mi="0" ci="2" mb="0" cb="0"/><line nr="27" mi="0" ci="1" mb="0" cb="0"/><line nr="28" mi="0" ci="4" mb="0" cb="0"/><line nr="29" mi="0" ci="2" mb="0" cb="0"/><line nr="30" mi="0" ci="1" mb="0" cb="0"/><counter type="INSTRUCTION" missed="0" covered="29"/><counter type="LINE" missed="0" covered="11"/><counter type="COMPLEXITY" missed="0" covered="1"/><counter type="METHOD" missed="0" covered="1"/><counter type="CLASS" missed="0" covered="1"/></sourcefile><sourcefile name="RedisProperties.java"><line nr="12" mi="0" ci="2" mb="0" cb="0"/><line nr="14" mi="0" ci="3" mb="0" cb="0"/><line nr="15" mi="0" ci="3" mb="0" cb="0"/><line nr="16" mi="0" ci="6" mb="0" cb="0"/><line nr="20" mi="0" ci="2" mb="0" cb="0"/><line nr="21" mi="0" ci="3" mb="0" cb="0"/><line nr="22" mi="0" ci="3" mb="0" cb="0"/><line nr="23" mi="0" ci="4" mb="0" cb="0"/><counter type="INSTRUCTION" missed="0" covered="26"/><counter type="LINE" missed="0" covered="8"/><counter type="COMPLEXITY" missed="0" covered="2"/><counter type="METHOD" missed="0" covered="2"/><counter type="CLASS" missed="0" covered="2"/></sourcefile><sourcefile name="RepositoryConfig.java"><line nr="13" mi="0" ci="3" mb="0" cb="0"/><line nr="17" mi="0" ci="5" mb="0" cb="0"/><line nr="22" mi="0" ci="5" mb="0" cb="0"/><line nr="27" mi="0" ci="5" mb="0" cb="0"/><line nr="32" mi="0" ci="5" mb="0" cb="0"/><line nr="37" mi="0" ci="5" mb="0" cb="0"/><counter type="INSTRUCTION" missed="0" covered="28"/><counter type="LINE" missed="0" covered="6"/><counter type="COMPLEXITY" missed="0" covered="6"/><counter type="METHOD" missed="0" covered="6"/><counter type="CLASS" missed="0" covered="1"/></sourcefile><sourcefile name="RedisConfig.java"><line nr="18" mi="0" ci="3" mb="0" cb="0"/><line nr="23" mi="0" ci="3" mb="0" cb="0"/><line nr="24" mi="0" ci="2" mb="0" cb="0"/><line nr="25" mi="0" ci="3" mb="0" cb="0"/><line nr="26" mi="0" ci="2" mb="0" cb="0"/><line nr="27" mi="0" ci="2" mb="0" cb="0"/><line nr="28" mi="0" ci="2" mb="0" cb="0"/><line nr="29" mi="0" ci="4" mb="0" cb="0"/><line nr="30" mi="0" ci="2" mb="0" cb="0"/><line nr="31" mi="0" ci="4" mb="0" cb="0"/><line nr="32" mi="0" ci="1" mb="0" cb="0"/><line nr="37" mi="0" ci="4" mb="0" cb="0"/><line nr="38" mi="0" ci="3" mb="0" cb="0"/><line nr="39" mi="0" ci="5" mb="0" cb="0"/><line nr="40" mi="0" ci="5" mb="0" cb="0"/><line nr="41" mi="0" ci="5" mb="0" cb="0"/><line nr="42" mi="0" ci="5" mb="0" cb="0"/><line nr="43" mi="0" ci="2" mb="0" cb="0"/><line nr="44" mi="0" ci="2" mb="0" cb="0"/><line nr="49" mi="0" ci="4" mb="0" cb="0"/><line nr="50" mi="0" ci="6" mb="0" cb="0"/><line nr="51" mi="0" ci="2" mb="0" cb="0"/><counter type="INSTRUCTION" missed="0" covered="71"/><counter type="LINE" missed="0" covered="22"/><counter type="COMPLEXITY" missed="0" covered="5"/><counter type="METHOD" missed="0" covered="5"/><counter type="CLASS" missed="0" covered="1"/></sourcefile><counter type="INSTRUCTION" missed="10" covered="501"/><counter type="BRANCH" missed="0" covered="2"/><counter type="LINE" missed="3" covered="115"/><counter type="COMPLEXITY" missed="1" covered="31"/><counter type="METHOD" missed="1" covered="30"/><counter type="CLASS" missed="0" covered="12"/></package><package name="com/empresa/pedidos/mapper"><class name="com/empresa/pedidos/mapper/PedidoMapperImpl" sourcefilename="PedidoMapperImpl.java"><method name="&lt;init&gt;" desc="()V" line="20"><counter type="INSTRUCTION" missed="0" covered="3"/><counter type="LINE" missed="0" covered="1"/><counter type="COMPLEXITY" missed="0" covered="1"/><counter type="METHOD" missed="0" covered="1"/></method><method name="toResponse" desc="(Lcom/empresa/pedidos/entity/Pedido;)Lcom/empresa/pedidos/dto/PedidoResponse;" line="24"><counter type="INSTRUCTION" missed="2" covered="56"/><counter type="BRANCH" missed="1" covered="1"/><counter type="LINE" missed="1" covered="19"/><counter type="COMPLEXITY" missed="1" covered="1"/><counter type="METHOD" missed="0" covered="1"/></method><method name="toResponseList" desc="(Ljava/util/List;)Ljava/util/List;" line="53"><counter type="INSTRUCTION" missed="2" covered="27"/><counter type="BRANCH" missed="1" covered="3"/><counter type="LINE" missed="1" covered="6"/><counter type="COMPLEXITY" missed="1" covered="2"/><counter type="METHOD" missed="0" covered="1"/></method><method name="toCacheDto" desc="(Lcom/empresa/pedidos/entity/Produto;)Lcom/empresa/pedidos/dto/ProdutoCacheDto;" line="67"><counter type="INSTRUCTION" missed="2" covered="44"/><counter type="BRANCH" missed="1" covered="1"/><counter type="LINE" missed="1" covered="15"/><counter type="COMPLEXITY" missed="1" covered="1"/><counter type="METHOD" missed="0" covered="1"/></method><counter type="INSTRUCTION" missed="6" covered="130"/><counter type="BRANCH" missed="3" covered="5"/><counter type="LINE" missed="3" covered="41"/><counter type="COMPLEXITY" missed="3" covered="5"/><counter type="METHOD" missed="0" covered="4"/><counter type="CLASS" missed="0" covered="1"/></class><class name="com/empresa/pedidos/mapper/PedidoMapper" sourcefilename="PedidoMapper.java"/><sourcefile name="PedidoMapper.java"/><sourcefile name="PedidoMapperImpl.java"><line nr="20" mi="0" ci="3" mb="0" cb="0"/><line nr="24" mi="0" ci="2" mb="1" cb="1"/><line nr="25" mi="2" ci="0" mb="0" cb="0"/><line nr="28" mi="0" ci="2" mb="0" cb="0"/><line nr="29" mi="0" ci="2" mb="0" cb="0"/><line nr="30" mi="0" ci="2" mb="0" cb="0"/><line nr="31" mi="0" ci="2" mb="0" cb="0"/><line nr="32" mi="0" ci="2" mb="0" cb="0"/><line nr="33" mi="0" ci="2" mb="0" cb="0"/><line nr="34" mi="0" ci="2" mb="0" cb="0"/><line nr="35" mi="0" ci="2" mb="0" cb="0"/><line nr="37" mi="0" ci="3" mb="0" cb="0"/><line nr="38" mi="0" ci="3" mb="0" cb="0"/><line nr="39" mi="0" ci="3" mb="0" cb="0"/><line nr="40" mi="0" ci="3" mb="0" cb="0"/><line nr="41" mi="0" ci="3" mb="0" cb="0"/><line nr="42" mi="0" ci="3" mb="0" cb="0"/><line nr="43" mi="0" ci="3" mb="0" cb="0"/><line nr="44" mi="0" ci="3" mb="0" cb="0"/><line nr="46" mi="0" ci="12" mb="0" cb="0"/><line nr="48" mi="0" ci="2" mb="0" cb="0"/><line nr="53" mi="0" ci="2" mb="1" cb="1"/><line nr="54" mi="2" ci="0" mb="0" cb="0"/><line nr="57" mi="0" ci="6" mb="0" cb="0"/><line nr="58" mi="0" ci="10" mb="0" cb="2"/><line nr="59" mi="0" ci="6" mb="0" cb="0"/><line nr="60" mi="0" ci="1" mb="0" cb="0"/><line nr="62" mi="0" ci="2" mb="0" cb="0"/><line nr="67" mi="0" ci="2" mb="1" cb="1"/><line nr="68" mi="2" ci="0" mb="0" cb="0"/><line nr="71" mi="0" ci="2" mb="0" cb="0"/><line nr="72" mi="0" ci="2" mb="0" cb="0"/><line nr="73" mi="0" ci="2" mb="0" cb="0"/><line nr="74" mi="0" ci="2" mb="0" cb="0"/><line nr="75" mi="0" ci="2" mb="0" cb="0"/><line nr="76" mi="0" ci="2" mb="0" cb="0"/><line nr="78" mi="0" ci="3" mb="0" cb="0"/><line nr="79" mi="0" ci="3" mb="0" cb="0"/><line nr="80" mi="0" ci="3" mb="0" cb="0"/><line nr="81" mi="0" ci="3" mb="0" cb="0"/><line nr="82" mi="0" ci="3" mb="0" cb="0"/><line nr="83" mi="0" ci="3" mb="0" cb="0"/><line nr="85" mi="0" ci="10" mb="0" cb="0"/><line nr="87" mi="0" ci="2" mb="0" cb="0"/><counter type="INSTRUCTION" missed="6" covered="130"/><counter type="BRANCH" missed="3" covered="5"/><counter type="LINE" missed="3" covered="41"/><counter type="COMPLEXITY" missed="3" covered="5"/><counter type="METHOD" missed="0" covered="4"/><counter type="CLASS" missed="0" covered="1"/></sourcefile><counter type="INSTRUCTION" missed="6" covered="130"/><counter type="BRANCH" missed="3" covered="5"/><counter type="LINE" missed="3" covered="41"/><counter type="COMPLEXITY" missed="3" covered="5"/><counter type="METHOD" missed="0" covered="4"/><counter type="CLASS" missed="0" covered="1"/></package><package name="com/empresa/pedidos"><class name="com/empresa/pedidos/PedidosServiceApplication" sourcefilename="PedidosServiceApplication.java"><method name="&lt;init&gt;" desc="()V" line="12"><counter type="INSTRUCTION" missed="3" covered="0"/><counter type="LINE" missed="1" covered="0"/><counter type="COMPLEXITY" missed="1" covered="0"/><counter type="METHOD" missed="1" covered="0"/></method><method name="main" desc="([Ljava/lang/String;)V" line="15"><counter type="INSTRUCTION" missed="5" covered="0"/><counter type="LINE" missed="2" covered="0"/><counter type="COMPLEXITY" missed="1" covered="0"/><counter type="METHOD" missed="1" covered="0"/></method><counter type="INSTRUCTION" missed="8" covered="0"/><counter type="LINE" missed="3" covered="0"/><counter type="COMPLEXITY" missed="2" covered="0"/><counter type="METHOD" missed="2" covered="0"/><counter type="CLASS" missed="1" covered="0"/></class><sourcefile name="PedidosServiceApplication.java"><line nr="12" mi="3" ci="0" mb="0" cb="0"/><line nr="15" mi="4" ci="0" mb="0" cb="0"/><line nr="16" mi="1" ci="0" mb="0" cb="0"/><counter type="INSTRUCTION" missed="8" covered="0"/><counter type="LINE" missed="3" covered="0"/><counter type="COMPLEXITY" missed="2" covered="0"/><counter type="METHOD" missed="2" covered="0"/><counter type="CLASS" missed="1" covered="0"/></sourcefile><counter type="INSTRUCTION" missed="8" covered="0"/><counter type="LINE" missed="3" covered="0"/><counter type="COMPLEXITY" missed="2" covered="0"/><counter type="METHOD" missed="2" covered="0"/><counter type="CLASS" missed="1" covered="0"/></package><package name="com/empresa/pedidos/util"><class name="com/empresa/pedidos/util/CorrelationIdUtil" sourcefilename="CorrelationIdUtil.java"><method name="resolveOrGenerate" desc="(Ljava/lang/String;)Ljava/lang/String;" line="13"><counter type="INSTRUCTION" missed="0" covered="11"/><counter type="BRANCH" missed="0" covered="4"/><counter type="LINE" missed="0" covered="3"/><counter type="COMPLEXITY" missed="0" covered="3"/><counter type="METHOD" missed="0" covered="1"/></method><method name="set" desc="(Ljava/lang/String;)V" line="20"><counter type="INSTRUCTION" missed="0" covered="4"/><counter type="LINE" missed="0" covered="2"/><counter type="COMPLEXITY" missed="0" covered="1"/><counter type="METHOD" missed="0" covered="1"/></method><method name="get" desc="()Ljava/lang/String;" line="24"><counter type="INSTRUCTION" missed="0" covered="4"/><counter type="LINE" missed="0" covered="1"/><counter type="COMPLEXITY" missed="0" covered="1"/><counter type="METHOD" missed="0" covered="1"/></method><method name="getOrGenerate" desc="()Ljava/lang/String;" line="28"><counter type="INSTRUCTION" missed="0" covered="9"/><counter type="BRANCH" missed="0" covered="2"/><counter type="LINE" missed="0" covered="2"/><counter type="COMPLEXITY" missed="0" covered="2"/><counter type="METHOD" missed="0" covered="1"/></method><method name="clear" desc="()V" line="33"><counter type="INSTRUCTION" missed="0" covered="3"/><counter type="LINE" missed="0" covered="2"/><counter type="COMPLEXITY" missed="0" covered="1"/><counter type="METHOD" missed="0" covered="1"/></method><method name="&lt;clinit&gt;" desc="()V" line="7"><counter type="INSTRUCTION" missed="0" covered="5"/><counter type="LINE" missed="0" covered="1"/><counter type="COMPLEXITY" missed="0" covered="1"/><counter type="METHOD" missed="0" covered="1"/></method><counter type="INSTRUCTION" missed="0" covered="36"/><counter type="BRANCH" missed="0" covered="6"/><counter type="LINE" missed="0" covered="11"/><counter type="COMPLEXITY" missed="0" covered="9"/><counter type="METHOD" missed="0" covered="6"/><counter type="CLASS" missed="0" covered="1"/></class><class name="com/empresa/pedidos/util/PedidoStatusUtil" sourcefilename="PedidoStatusUtil.java"><method name="validar" desc="(Ljava/lang/String;)V" line="24"><counter type="INSTRUCTION" missed="0" covered="21"/><counter type="BRANCH" missed="1" covered="5"/><counter type="LINE" missed="0" covered="5"/><counter type="COMPLEXITY" missed="1" covered="3"/><counter type="METHOD" missed="0" covered="1"/></method><method name="&lt;clinit&gt;" desc="()V" line="11"><counter type="INSTRUCTION" missed="0" covered="9"/><counter type="LINE" missed="0" covered="1"/><counter type="COMPLEXITY" missed="0" covered="1"/><counter type="METHOD" missed="0" covered="1"/></method><counter type="INSTRUCTION" missed="0" covered="30"/><counter type="BRANCH" missed="1" covered="5"/><counter type="LINE" missed="0" covered="6"/><counter type="COMPLEXITY" missed="1" covered="4"/><counter type="METHOD" missed="0" covered="2"/><counter type="CLASS" missed="0" covered="1"/></class><class name="com/empresa/pedidos/util/PageResponseUtil" sourcefilename="PageResponseUtil.java"><method name="of" desc="(Ljava/util/List;IIJ)Lcom/empresa/pedidos/dto/PageResponse;" line="20"><counter type="INSTRUCTION" missed="10" covered="51"/><counter type="BRANCH" missed="7" covered="7"/><counter type="LINE" missed="0" covered="6"/><counter type="COMPLEXITY" missed="6" covered="2"/><counter type="METHOD" missed="0" covered="1"/></method><method name="resolveSortColumn" desc="(Ljava/lang/String;)Ljava/lang/String;" line="41"><counter type="INSTRUCTION" missed="0" covered="26"/><counter type="BRANCH" missed="1" covered="5"/><counter type="LINE" missed="0" covered="6"/><counter type="COMPLEXITY" missed="1" covered="3"/><counter type="METHOD" missed="0" covered="1"/></method><method name="resolveSortDirection" desc="(Ljava/lang/String;)Ljava/lang/String;" line="52"><counter type="INSTRUCTION" missed="0" covered="32"/><counter type="BRANCH" missed="2" covered="6"/><counter type="LINE" missed="0" covered="6"/><counter type="COMPLEXITY" missed="2" covered="3"/><counter type="METHOD" missed="0" covered="1"/></method><method name="&lt;clinit&gt;" desc="()V" line="11"><counter type="INSTRUCTION" missed="0" covered="10"/><counter type="LINE" missed="0" covered="1"/><counter type="COMPLEXITY" missed="0" covered="1"/><counter type="METHOD" missed="0" covered="1"/></method><counter type="INSTRUCTION" missed="10" covered="119"/><counter type="BRANCH" missed="10" covered="18"/><counter type="LINE" missed="0" covered="19"/><counter type="COMPLEXITY" missed="9" covered="9"/><counter type="METHOD" missed="0" covered="4"/><counter type="CLASS" missed="0" covered="1"/></class><sourcefile name="PedidoStatusUtil.java"><line nr="11" mi="0" ci="9" mb="0" cb="0"/><line nr="24" mi="0" ci="5" mb="1" cb="3"/><line nr="25" mi="0" ci="5" mb="0" cb="0"/><line nr="27" mi="0" ci="4" mb="0" cb="2"/><line nr="28" mi="0" ci="6" mb="0" cb="0"/><line nr="30" mi="0" ci="1" mb="0" cb="0"/><counter type="INSTRUCTION" missed="0" covered="30"/><counter type="BRANCH" missed="1" covered="5"/><counter type="LINE" missed="0" covered="6"/><counter type="COMPLEXITY" missed="1" covered="4"/><counter type="METHOD" missed="0" covered="2"/><counter type="CLASS" missed="0" covered="1"/></sourcefile><sourcefile name="CorrelationIdUtil.java"><line nr="7" mi="0" ci="5" mb="0" cb="0"/><line nr="13" mi="0" ci="5" mb="0" cb="4"/><line nr="14" mi="0" ci="3" mb="0" cb="0"/><line nr="16" mi="0" ci="3" mb="0" cb="0"/><line nr="20" mi="0" ci="3" mb="0" cb="0"/><line nr="21" mi="0" ci="1" mb="0" cb="0"/><line nr="24" mi="0" ci="4" mb="0" cb="0"/><line nr="28" mi="0" ci="2" mb="0" cb="0"/><line nr="29" mi="0" ci="7" mb="0" cb="2"/><line nr="33" mi="0" ci="2" mb="0" cb="0"/><line nr="34" mi="0" ci="1" mb="0" cb="0"/><counter type="INSTRUCTION" missed="0" covered="36"/><counter type="BRANCH" missed="0" covered="6"/><counter type="LINE" missed="0" covered="11"/><counter type="COMPLEXITY" missed="0" covered="9"/><counter type="METHOD" missed="0" covered="6"/><counter type="CLASS" missed="0" covered="1"/></sourcefile><sourcefile name="PageResponseUtil.java"><line nr="11" mi="0" ci="10" mb="0" cb="0"/><line nr="20" mi="2" ci="10" mb="1" cb="1"/><line nr="21" mi="0" ci="3" mb="0" cb="0"/><line nr="22" mi="0" ci="6" mb="0" cb="2"/><line nr="23" mi="1" ci="5" mb="1" cb="1"/><line nr="24" mi="3" ci="8" mb="3" cb="1"/><line nr="25" mi="4" ci="19" mb="2" cb="2"/><line nr="41" mi="0" ci="5" mb="1" cb="3"/><line nr="42" mi="0" ci="2" mb="0" cb="0"/><line nr="44" mi="0" ci="7" mb="0" cb="0"/><line nr="45" mi="0" ci="4" mb="0" cb="2"/><line nr="46" mi="0" ci="6" mb="0" cb="0"/><line nr="48" mi="0" ci="2" mb="0" cb="0"/><line nr="52" mi="0" ci="6" mb="1" cb="3"/><line nr="53" mi="0" ci="2" mb="0" cb="0"/><line nr="55" mi="0" ci="8" mb="0" cb="0"/><line nr="56" mi="0" ci="8" mb="1" cb="3"/><line nr="57" mi="0" ci="6" mb="0" cb="0"/><line nr="59" mi="0" ci="2" mb="0" cb="0"/><counter type="INSTRUCTION" missed="10" covered="119"/><counter type="BRANCH" missed="10" covered="18"/><counter type="LINE" missed="0" covered="19"/><counter type="COMPLEXITY" missed="9" covered="9"/><counter type="METHOD" missed="0" covered="4"/><counter type="CLASS" missed="0" covered="1"/></sourcefile><counter type="INSTRUCTION" missed="10" covered="185"/><counter type="BRANCH" missed="11" covered="29"/><counter type="LINE" missed="0" covered="36"/><counter type="COMPLEXITY" missed="10" covered="22"/><counter type="METHOD" missed="0" covered="12"/><counter type="CLASS" missed="0" covered="3"/></package><package name="com/empresa/pedidos/exception"><class name="com/empresa/pedidos/exception/TimeoutException" sourcefilename="TimeoutException.java"><method name="&lt;init&gt;" desc="(Ljava/lang/String;Ljava/lang/Throwable;)V" line="6"><counter type="INSTRUCTION" missed="0" covered="5"/><counter type="LINE" missed="0" covered="2"/><counter type="COMPLEXITY" missed="0" covered="1"/><counter type="METHOD" missed="0" covered="1"/></method><counter type="INSTRUCTION" missed="0" covered="5"/><counter type="LINE" missed="0" covered="2"/><counter type="COMPLEXITY" missed="0" covered="1"/><counter type="METHOD" missed="0" covered="1"/><counter type="CLASS" missed="0" covered="1"/></class><class name="com/empresa/pedidos/exception/BusinessException" sourcefilename="BusinessException.java"><method name="&lt;init&gt;" desc="(Ljava/lang/String;)V" line="6"><counter type="INSTRUCTION" missed="0" covered="4"/><counter type="LINE" missed="0" covered="2"/><counter type="COMPLEXITY" missed="0" covered="1"/><counter type="METHOD" missed="0" covered="1"/></method><counter type="INSTRUCTION" missed="0" covered="4"/><counter type="LINE" missed="0" covered="2"/><counter type="COMPLEXITY" missed="0" covered="1"/><counter type="METHOD" missed="0" covered="1"/><counter type="CLASS" missed="0" covered="1"/></class><class name="com/empresa/pedidos/exception/ErrorResponse" sourcefilename="ErrorResponse.java"><method name="&lt;init&gt;" desc="(Ljava/time/LocalDateTime;ILjava/lang/String;Ljava/lang/String;Ljava/lang/String;)V" line="5"><counter type="INSTRUCTION" missed="0" covered="18"/><counter type="LINE" missed="0" covered="1"/><counter type="COMPLEXITY" missed="0" covered="1"/><counter type="METHOD" missed="0" covered="1"/></method><counter type="INSTRUCTION" missed="0" covered="18"/><counter type="LINE" missed="0" covered="1"/><counter type="COMPLEXITY" missed="0" covered="1"/><counter type="METHOD" missed="0" covered="1"/><counter type="CLASS" missed="0" covered="1"/></class><class name="com/empresa/pedidos/exception/KafkaPublishException" sourcefilename="KafkaPublishException.java"><method name="&lt;init&gt;" desc="(Ljava/lang/String;Ljava/lang/Throwable;)V" line="6"><counter type="INSTRUCTION" missed="0" covered="5"/><counter type="LINE" missed="0" covered="2"/><counter type="COMPLEXITY" missed="0" covered="1"/><counter type="METHOD" missed="0" covered="1"/></method><counter type="INSTRUCTION" missed="0" covered="5"/><counter type="LINE" missed="0" covered="2"/><counter type="COMPLEXITY" missed="0" covered="1"/><counter type="METHOD" missed="0" covered="1"/><counter type="CLASS" missed="0" covered="1"/></class><class name="com/empresa/pedidos/exception/GlobalExceptionHandler" sourcefilename="GlobalExceptionHandler.java"><method name="&lt;init&gt;" desc="()V" line="16"><counter type="INSTRUCTION" missed="0" covered="3"/><counter type="LINE" missed="0" covered="1"/><counter type="COMPLEXITY" missed="0" covered="1"/><counter type="METHOD" missed="0" covered="1"/></method><method name="handleNotFound" desc="(Lcom/empresa/pedidos/exception/NotFoundException;Ljakarta/servlet/http/HttpServletRequest;)Lorg/springframework/http/ResponseEntity;" line="23"><counter type="INSTRUCTION" missed="0" covered="7"/><counter type="LINE" missed="0" covered="1"/><counter type="COMPLEXITY" missed="0" covered="1"/><counter type="METHOD" missed="0" covered="1"/></method><method name="handleValidation" desc="(Lcom/empresa/pedidos/exception/ValidationException;Ljakarta/servlet/http/HttpServletRequest;)Lorg/springframework/http/ResponseEntity;" line="28"><counter type="INSTRUCTION" missed="0" covered="7"/><counter type="LINE" missed="0" covered="1"/><counter type="COMPLEXITY" missed="0" covered="1"/><counter type="METHOD" missed="0" covered="1"/></method><method name="handleBusiness" desc="(Lcom/empresa/pedidos/exception/BusinessException;Ljakarta/servlet/http/HttpServletRequest;)Lorg/springframework/http/ResponseEntity;" line="33"><counter type="INSTRUCTION" missed="0" covered="7"/><counter type="LINE" missed="0" covered="1"/><counter type="COMPLEXITY" missed="0" covered="1"/><counter type="METHOD" missed="0" covered="1"/></method><method name="handleMethodArgumentNotValid" desc="(Lorg/springframework/web/bind/MethodArgumentNotValidException;Ljakarta/servlet/http/HttpServletRequest;)Lorg/springframework/http/ResponseEntity;" line="39"><counter type="INSTRUCTION" missed="0" covered="17"/><counter type="LINE" missed="0" covered="4"/><counter type="COMPLEXITY" missed="0" covered="1"/><counter type="METHOD" missed="0" covered="1"/></method><method name="handleDatabase" desc="(Lcom/empresa/pedidos/exception/DatabaseException;Ljakarta/servlet/http/HttpServletRequest;)Lorg/springframework/http/ResponseEntity;" line="47"><counter type="INSTRUCTION" missed="0" covered="7"/><counter type="LINE" missed="0" covered="1"/><counter type="COMPLEXITY" missed="0" covered="1"/><counter type="METHOD" missed="0" covered="1"/></method><method name="handleRedis" desc="(Lcom/empresa/pedidos/exception/RedisException;Ljakarta/servlet/http/HttpServletRequest;)Lorg/springframework/http/ResponseEntity;" line="52"><counter type="INSTRUCTION" missed="0" covered="7"/><counter type="LINE" missed="0" covered="1"/><counter type="COMPLEXITY" missed="0" covered="1"/><counter type="METHOD" missed="0" covered="1"/></method><method name="handleKafkaPublish" desc="(Lcom/empresa/pedidos/exception/KafkaPublishException;Ljakarta/servlet/http/HttpServletRequest;)Lorg/springframework/http/ResponseEntity;" line="57"><counter type="INSTRUCTION" missed="0" covered="7"/><counter type="LINE" missed="0" covered="1"/><counter type="COMPLEXITY" missed="0" covered="1"/><counter type="METHOD" missed="0" covered="1"/></method><method name="handleKafkaConsume" desc="(Lcom/empresa/pedidos/exception/KafkaConsumeException;Ljakarta/servlet/http/HttpServletRequest;)Lorg/springframework/http/ResponseEntity;" line="62"><counter type="INSTRUCTION" missed="0" covered="7"/><counter type="LINE" missed="0" covered="1"/><counter type="COMPLEXITY" missed="0" covered="1"/><counter type="METHOD" missed="0" covered="1"/></method><method name="handleTimeout" desc="(Lcom/empresa/pedidos/exception/TimeoutException;Ljakarta/servlet/http/HttpServletRequest;)Lorg/springframework/http/ResponseEntity;" line="67"><counter type="INSTRUCTION" missed="0" covered="7"/><counter type="LINE" missed="0" covered="1"/><counter type="COMPLEXITY" missed="0" covered="1"/><counter type="METHOD" missed="0" covered="1"/></method><method name="handleGeneric" desc="(Ljava/lang/Exception;Ljakarta/servlet/http/HttpServletRequest;)Lorg/springframework/http/ResponseEntity;" line="72"><counter type="INSTRUCTION" missed="0" covered="6"/><counter type="LINE" missed="0" covered="1"/><counter type="COMPLEXITY" missed="0" covered="1"/><counter type="METHOD" missed="0" covered="1"/></method><method name="buildResponse" desc="(Lorg/springframework/http/HttpStatus;Ljava/lang/String;Ljakarta/servlet/http/HttpServletRequest;)Lorg/springframework/http/ResponseEntity;" line="77"><counter type="INSTRUCTION" missed="0" covered="28"/><counter type="LINE" missed="0" covered="8"/><counter type="COMPLEXITY" missed="0" covered="1"/><counter type="METHOD" missed="0" covered="1"/></method><method name="lambda$handleMethodArgumentNotValid$0" desc="(Lorg/springframework/validation/FieldError;)Ljava/lang/String;" line="40"><counter type="INSTRUCTION" missed="0" covered="6"/><counter type="LINE" missed="0" covered="1"/><counter type="COMPLEXITY" missed="0" covered="1"/><counter type="METHOD" missed="0" covered="1"/></method><counter type="INSTRUCTION" missed="0" covered="116"/><counter type="LINE" missed="0" covered="22"/><counter type="COMPLEXITY" missed="0" covered="13"/><counter type="METHOD" missed="0" covered="13"/><counter type="CLASS" missed="0" covered="1"/></class><class name="com/empresa/pedidos/exception/ValidationException" sourcefilename="ValidationException.java"><method name="&lt;init&gt;" desc="(Ljava/lang/String;)V" line="6"><counter type="INSTRUCTION" missed="0" covered="4"/><counter type="LINE" missed="0" covered="2"/><counter type="COMPLEXITY" missed="0" covered="1"/><counter type="METHOD" missed="0" covered="1"/></method><counter type="INSTRUCTION" missed="0" covered="4"/><counter type="LINE" missed="0" covered="2"/><counter type="COMPLEXITY" missed="0" covered="1"/><counter type="METHOD" missed="0" covered="1"/><counter type="CLASS" missed="0" covered="1"/></class><class name="com/empresa/pedidos/exception/DatabaseException" sourcefilename="DatabaseException.java"><method name="&lt;init&gt;" desc="(Ljava/lang/String;Ljava/lang/Throwable;)V" line="6"><counter type="INSTRUCTION" missed="0" covered="5"/><counter type="LINE" missed="0" covered="2"/><counter type="COMPLEXITY" missed="0" covered="1"/><counter type="METHOD" missed="0" covered="1"/></method><counter type="INSTRUCTION" missed="0" covered="5"/><counter type="LINE" missed="0" covered="2"/><counter type="COMPLEXITY" missed="0" covered="1"/><counter type="METHOD" missed="0" covered="1"/><counter type="CLASS" missed="0" covered="1"/></class><class name="com/empresa/pedidos/exception/KafkaConsumeException" sourcefilename="KafkaConsumeException.java"><method name="&lt;init&gt;" desc="(Ljava/lang/String;Ljava/lang/Throwable;)V" line="6"><counter type="INSTRUCTION" missed="0" covered="5"/><counter type="LINE" missed="0" covered="2"/><counter type="COMPLEXITY" missed="0" covered="1"/><counter type="METHOD" missed="0" covered="1"/></method><counter type="INSTRUCTION" missed="0" covered="5"/><counter type="LINE" missed="0" covered="2"/><counter type="COMPLEXITY" missed="0" covered="1"/><counter type="METHOD" missed="0" covered="1"/><counter type="CLASS" missed="0" covered="1"/></class><class name="com/empresa/pedidos/exception/NotFoundException" sourcefilename="NotFoundException.java"><method name="&lt;init&gt;" desc="(Ljava/lang/String;)V" line="6"><counter type="INSTRUCTION" missed="0" covered="4"/><counter type="LINE" missed="0" covered="2"/><counter type="COMPLEXITY" missed="0" covered="1"/><counter type="METHOD" missed="0" covered="1"/></method><counter type="INSTRUCTION" missed="0" covered="4"/><counter type="LINE" missed="0" covered="2"/><counter type="COMPLEXITY" missed="0" covered="1"/><counter type="METHOD" missed="0" covered="1"/><counter type="CLASS" missed="0" covered="1"/></class><class name="com/empresa/pedidos/exception/RedisException" sourcefilename="RedisException.java"><method name="&lt;init&gt;" desc="(Ljava/lang/String;Ljava/lang/Throwable;)V" line="6"><counter type="INSTRUCTION" missed="0" covered="5"/><counter type="LINE" missed="0" covered="2"/><counter type="COMPLEXITY" missed="0" covered="1"/><counter type="METHOD" missed="0" covered="1"/></method><counter type="INSTRUCTION" missed="0" covered="5"/><counter type="LINE" missed="0" covered="2"/><counter type="COMPLEXITY" missed="0" covered="1"/><counter type="METHOD" missed="0" covered="1"/><counter type="CLASS" missed="0" covered="1"/></class><sourcefile name="KafkaPublishException.java"><line nr="6" mi="0" ci="4" mb="0" cb="0"/><line nr="7" mi="0" ci="1" mb="0" cb="0"/><counter type="INSTRUCTION" missed="0" covered="5"/><counter type="LINE" missed="0" covered="2"/><counter type="COMPLEXITY" missed="0" covered="1"/><counter type="METHOD" missed="0" covered="1"/><counter type="CLASS" missed="0" covered="1"/></sourcefile><sourcefile name="ValidationException.java"><line nr="6" mi="0" ci="3" mb="0" cb="0"/><line nr="7" mi="0" ci="1" mb="0" cb="0"/><counter type="INSTRUCTION" missed="0" covered="4"/><counter type="LINE" missed="0" covered="2"/><counter type="COMPLEXITY" missed="0" covered="1"/><counter type="METHOD" missed="0" covered="1"/><counter type="CLASS" missed="0" covered="1"/></sourcefile><sourcefile name="TimeoutException.java"><line nr="6" mi="0" ci="4" mb="0" cb="0"/><line nr="7" mi="0" ci="1" mb="0" cb="0"/><counter type="INSTRUCTION" missed="0" covered="5"/><counter type="LINE" missed="0" covered="2"/><counter type="COMPLEXITY" missed="0" covered="1"/><counter type="METHOD" missed="0" covered="1"/><counter type="CLASS" missed="0" covered="1"/></sourcefile><sourcefile name="RedisException.java"><line nr="6" mi="0" ci="4" mb="0" cb="0"/><line nr="7" mi="0" ci="1" mb="0" cb="0"/><counter type="INSTRUCTION" missed="0" covered="5"/><counter type="LINE" missed="0" covered="2"/><counter type="COMPLEXITY" missed="0" covered="1"/><counter type="METHOD" missed="0" covered="1"/><counter type="CLASS" missed="0" covered="1"/></sourcefile><sourcefile name="KafkaConsumeException.java"><line nr="6" mi="0" ci="4" mb="0" cb="0"/><line nr="7" mi="0" ci="1" mb="0" cb="0"/><counter type="INSTRUCTION" missed="0" covered="5"/><counter type="LINE" missed="0" covered="2"/><counter type="COMPLEXITY" missed="0" covered="1"/><counter type="METHOD" missed="0" covered="1"/><counter type="CLASS" missed="0" covered="1"/></sourcefile><sourcefile name="BusinessException.java"><line nr="6" mi="0" ci="3" mb="0" cb="0"/><line nr="7" mi="0" ci="1" mb="0" cb="0"/><counter type="INSTRUCTION" missed="0" covered="4"/><counter type="LINE" missed="0" covered="2"/><counter type="COMPLEXITY" missed="0" covered="1"/><counter type="METHOD" missed="0" covered="1"/><counter type="CLASS" missed="0" covered="1"/></sourcefile><sourcefile name="ErrorResponse.java"><line nr="5" mi="0" ci="18" mb="0" cb="0"/><counter type="INSTRUCTION" missed="0" covered="18"/><counter type="LINE" missed="0" covered="1"/><counter type="COMPLEXITY" missed="0" covered="1"/><counter type="METHOD" missed="0" covered="1"/><counter type="CLASS" missed="0" covered="1"/></sourcefile><sourcefile name="DatabaseException.java"><line nr="6" mi="0" ci="4" mb="0" cb="0"/><line nr="7" mi="0" ci="1" mb="0" cb="0"/><counter type="INSTRUCTION" missed="0" covered="5"/><counter type="LINE" missed="0" covered="2"/><counter type="COMPLEXITY" missed="0" covered="1"/><counter type="METHOD" missed="0" covered="1"/><counter type="CLASS" missed="0" covered="1"/></sourcefile><sourcefile name="NotFoundException.java"><line nr="6" mi="0" ci="3" mb="0" cb="0"/><line nr="7" mi="0" ci="1" mb="0" cb="0"/><counter type="INSTRUCTION" missed="0" covered="4"/><counter type="LINE" missed="0" covered="2"/><counter type="COMPLEXITY" missed="0" covered="1"/><counter type="METHOD" missed="0" covered="1"/><counter type="CLASS" missed="0" covered="1"/></sourcefile><sourcefile name="GlobalExceptionHandler.java"><line nr="16" mi="0" ci="3" mb="0" cb="0"/><line nr="23" mi="0" ci="7" mb="0" cb="0"/><line nr="28" mi="0" ci="7" mb="0" cb="0"/><line nr="33" mi="0" ci="7" mb="0" cb="0"/><line nr="39" mi="0" ci="5" mb="0" cb="0"/><line nr="40" mi="0" ci="8" mb="0" cb="0"/><line nr="41" mi="0" ci="4" mb="0" cb="0"/><line nr="42" mi="0" ci="6" mb="0" cb="0"/><line nr="47" mi="0" ci="7" mb="0" cb="0"/><line nr="52" mi="0" ci="7" mb="0" cb="0"/><line nr="57" mi="0" ci="7" mb="0" cb="0"/><line nr="62" mi="0" ci="7" mb="0" cb="0"/><line nr="67" mi="0" ci="7" mb="0" cb="0"/><line nr="72" mi="0" ci="6" mb="0" cb="0"/><line nr="77" mi="0" ci="2" mb="0" cb="0"/><line nr="78" mi="0" ci="2" mb="0" cb="0"/><line nr="79" mi="0" ci="2" mb="0" cb="0"/><line nr="80" mi="0" ci="3" mb="0" cb="0"/><line nr="82" mi="0" ci="4" mb="0" cb="0"/><line nr="85" mi="0" ci="11" mb="0" cb="0"/><line nr="86" mi="0" ci="3" mb="0" cb="0"/><line nr="87" mi="0" ci="1" mb="0" cb="0"/><counter type="INSTRUCTION" missed="0" covered="116"/><counter type="LINE" missed="0" covered="22"/><counter type="COMPLEXITY" missed="0" covered="13"/><counter type="METHOD" missed="0" covered="13"/><counter type="CLASS" missed="0" covered="1"/></sourcefile><counter type="INSTRUCTION" missed="0" covered="171"/><counter type="LINE" missed="0" covered="39"/><counter type="COMPLEXITY" missed="0" covered="22"/><counter type="METHOD" missed="0" covered="22"/><counter type="CLASS" missed="0" covered="10"/></package><package name="com/empresa/pedidos/controller"><class name="com/empresa/pedidos/controller/PedidoController" sourcefilename="PedidoController.java"><method name="criar" desc="(Lcom/empresa/pedidos/dto/PedidoRequest;)Lorg/springframework/http/ResponseEntity;" line="35"><counter type="INSTRUCTION" missed="0" covered="8"/><counter type="LINE" missed="0" covered="1"/><counter type="COMPLEXITY" missed="0" covered="1"/><counter type="METHOD" missed="0" covered="1"/></method><method name="buscarPorId" desc="(Ljava/lang/Long;)Lorg/springframework/http/ResponseEntity;" line="41"><counter type="INSTRUCTION" missed="0" covered="6"/><counter type="LINE" missed="0" covered="1"/><counter type="COMPLEXITY" missed="0" covered="1"/><counter type="METHOD" missed="0" covered="1"/></method><method name="listar" desc="(IILjava/lang/String;)Lorg/springframework/http/ResponseEntity;" line="50"><counter type="INSTRUCTION" missed="0" covered="8"/><counter type="LINE" missed="0" covered="1"/><counter type="COMPLEXITY" missed="0" covered="1"/><counter type="METHOD" missed="0" covered="1"/></method><method name="atualizar" desc="(Ljava/lang/Long;Lcom/empresa/pedidos/dto/PedidoRequest;)Lorg/springframework/http/ResponseEntity;" line="57"><counter type="INSTRUCTION" missed="0" covered="7"/><counter type="LINE" missed="0" covered="1"/><counter type="COMPLEXITY" missed="0" covered="1"/><counter type="METHOD" missed="0" covered="1"/></method><method name="atualizarStatus" desc="(Ljava/lang/Long;Lcom/empresa/pedidos/dto/PedidoStatusRequest;)Lorg/springframework/http/ResponseEntity;" line="64"><counter type="INSTRUCTION" missed="0" covered="7"/><counter type="LINE" missed="0" covered="1"/><counter type="COMPLEXITY" missed="0" covered="1"/><counter type="METHOD" missed="0" covered="1"/></method><counter type="INSTRUCTION" missed="0" covered="36"/><counter type="LINE" missed="0" covered="5"/><counter type="COMPLEXITY" missed="0" covered="5"/><counter type="METHOD" missed="0" covered="5"/><counter type="CLASS" missed="0" covered="1"/></class><sourcefile name="PedidoController.java"><line nr="35" mi="0" ci="8" mb="0" cb="0"/><line nr="41" mi="0" ci="6" mb="0" cb="0"/><line nr="50" mi="0" ci="8" mb="0" cb="0"/><line nr="57" mi="0" ci="7" mb="0" cb="0"/><line nr="64" mi="0" ci="7" mb="0" cb="0"/><counter type="INSTRUCTION" missed="0" covered="36"/><counter type="LINE" missed="0" covered="5"/><counter type="COMPLEXITY" missed="0" covered="5"/><counter type="METHOD" missed="0" covered="5"/><counter type="CLASS" missed="0" covered="1"/></sourcefile><counter type="INSTRUCTION" missed="0" covered="36"/><counter type="LINE" missed="0" covered="5"/><counter type="COMPLEXITY" missed="0" covered="5"/><counter type="METHOD" missed="0" covered="5"/><counter type="CLASS" missed="0" covered="1"/></package><package name="com/empresa/pedidos/consumer"><class name="com/empresa/pedidos/consumer/PedidoResponseConsumer" sourcefilename="PedidoResponseConsumer.java"><method name="consumir" desc="(Lcom/empresa/pedidos/dto/PedidoResponseEvent;Ljava/lang/String;)V" line="37"><counter type="INSTRUCTION" missed="0" covered="88"/><counter type="BRANCH" missed="3" covered="9"/><counter type="LINE" missed="0" covered="25"/><counter type="COMPLEXITY" missed="3" covered="4"/><counter type="METHOD" missed="0" covered="1"/></method><method name="&lt;clinit&gt;" desc="()V" line="19"><counter type="INSTRUCTION" missed="0" covered="4"/><counter type="LINE" missed="0" covered="1"/><counter type="COMPLEXITY" missed="0" covered="1"/><counter type="METHOD" missed="0" covered="1"/></method><counter type="INSTRUCTION" missed="0" covered="92"/><counter type="BRANCH" missed="3" covered="9"/><counter type="LINE" missed="0" covered="26"/><counter type="COMPLEXITY" missed="3" covered="5"/><counter type="METHOD" missed="0" covered="2"/><counter type="CLASS" missed="0" covered="1"/></class><sourcefile name="PedidoResponseConsumer.java"><line nr="19" mi="0" ci="4" mb="0" cb="0"/><line nr="37" mi="0" ci="5" mb="2" cb="2"/><line nr="38" mi="0" ci="2" mb="0" cb="0"/><line nr="39" mi="0" ci="3" mb="0" cb="0"/><line nr="42" mi="0" ci="7" mb="1" cb="3"/><line nr="43" mi="0" ci="3" mb="0" cb="0"/><line nr="44" mi="0" ci="1" mb="0" cb="0"/><line nr="47" mi="0" ci="6" mb="0" cb="2"/><line nr="48" mi="0" ci="5" mb="0" cb="0"/><line nr="49" mi="0" ci="1" mb="0" cb="0"/><line nr="52" mi="0" ci="3" mb="0" cb="0"/><line nr="54" mi="0" ci="8" mb="0" cb="0"/><line nr="55" mi="0" ci="2" mb="0" cb="2"/><line nr="56" mi="0" ci="5" mb="0" cb="0"/><line nr="57" mi="0" ci="1" mb="0" cb="0"/><line nr="60" mi="0" ci="7" mb="0" cb="0"/><line nr="62" mi="0" ci="5" mb="0" cb="0"/><line nr="63" mi="0" ci="5" mb="0" cb="0"/><line nr="65" mi="0" ci="2" mb="0" cb="0"/><line nr="66" mi="0" ci="4" mb="0" cb="0"/><line nr="68" mi="0" ci="1" mb="0" cb="0"/><line nr="69" mi="0" ci="3" mb="0" cb="0"/><line nr="70" mi="0" ci="5" mb="0" cb="0"/><line nr="73" mi="0" ci="1" mb="0" cb="0"/><line nr="74" mi="0" ci="2" mb="0" cb="0"/><line nr="76" mi="0" ci="1" mb="0" cb="0"/><counter type="INSTRUCTION" missed="0" covered="92"/><counter type="BRANCH" missed="3" covered="9"/><counter type="LINE" missed="0" covered="26"/><counter type="COMPLEXITY" missed="3" covered="5"/><counter type="METHOD" missed="0" covered="2"/><counter type="CLASS" missed="0" covered="1"/></sourcefile><counter type="INSTRUCTION" missed="0" covered="92"/><counter type="BRANCH" missed="3" covered="9"/><counter type="LINE" missed="0" covered="26"/><counter type="COMPLEXITY" missed="3" covered="5"/><counter type="METHOD" missed="0" covered="2"/><counter type="CLASS" missed="0" covered="1"/></package><package name="com/empresa/pedidos/entity"><class name="com/empresa/pedidos/entity/Produto" sourcefilename="Produto.java"/><class name="com/empresa/pedidos/entity/Pedido" sourcefilename="Pedido.java"/><class name="com/empresa/pedidos/entity/Cliente" sourcefilename="Cliente.java"/><class name="com/empresa/pedidos/entity/Produto$ProdutoBuilder" sourcefilename="Produto.java"/><class name="com/empresa/pedidos/entity/Pedido$PedidoBuilder" sourcefilename="Pedido.java"/><class name="com/empresa/pedidos/entity/Cliente$ClienteBuilder" sourcefilename="Cliente.java"/><sourcefile name="Pedido.java"/><sourcefile name="Produto.java"/><sourcefile name="Cliente.java"/></package><package name="com/empresa/pedidos/repository"><class name="com/empresa/pedidos/repository/PedidoRepository" sourcefilename="PedidoRepository.java"/><class name="com/empresa/pedidos/repository/ClienteRepository" sourcefilename="ClienteRepository.java"/><class name="com/empresa/pedidos/repository/MensagemProcessadaRepository" sourcefilename="MensagemProcessadaRepository.java"/><class name="com/empresa/pedidos/repository/AuditoriaRepository" sourcefilename="AuditoriaRepository.java"/><class name="com/empresa/pedidos/repository/ProdutoRepository" sourcefilename="ProdutoRepository.java"/><sourcefile name="PedidoRepository.java"/><sourcefile name="MensagemProcessadaRepository.java"/><sourcefile name="AuditoriaRepository.java"/><sourcefile name="ProdutoRepository.java"/><sourcefile name="ClienteRepository.java"/></package><package name="com/empresa/pedidos/dto"><class name="com/empresa/pedidos/dto/PedidoResponse" sourcefilename="PedidoResponse.java"><method name="&lt;init&gt;" desc="(Ljava/lang/Long;Ljava/time/LocalDateTime;Ljava/lang/Long;Ljava/lang/Long;Ljava/math/BigDecimal;Ljava/lang/Integer;Ljava/lang/String;Ljava/time/LocalDateTime;)V" line="6"><counter type="INSTRUCTION" missed="0" covered="27"/><counter type="LINE" missed="0" covered="1"/><counter type="COMPLEXITY" missed="0" covered="1"/><counter type="METHOD" missed="0" covered="1"/></method><counter type="INSTRUCTION" missed="0" covered="27"/><counter type="LINE" missed="0" covered="1"/><counter type="COMPLEXITY" missed="0" covered="1"/><counter type="METHOD" missed="0" covered="1"/><counter type="CLASS" missed="0" covered="1"/></class><class name="com/empresa/pedidos/dto/PageResponse" sourcefilename="PageResponse.java"><method name="&lt;init&gt;" desc="(Ljava/util/List;IIJIIZZZZZ)V" line="5"><counter type="INSTRUCTION" missed="0" covered="36"/><counter type="LINE" missed="0" covered="1"/><counter type="COMPLEXITY" missed="0" covered="1"/><counter type="METHOD" missed="0" covered="1"/></method><counter type="INSTRUCTION" missed="0" covered="36"/><counter type="LINE" missed="0" covered="1"/><counter type="COMPLEXITY" missed="0" covered="1"/><counter type="METHOD" missed="0" covered="1"/><counter type="CLASS" missed="0" covered="1"/></class><class name="com/empresa/pedidos/dto/ProdutoCacheDto" sourcefilename="ProdutoCacheDto.java"><method name="&lt;init&gt;" desc="(Ljava/lang/Long;Ljava/lang/String;Ljava/math/BigDecimal;Ljava/lang/String;Ljava/time/LocalDateTime;Ljava/time/LocalDateTime;)V" line="6"><counter type="INSTRUCTION" missed="0" covered="21"/><counter type="LINE" missed="0" covered="1"/><counter type="COMPLEXITY" missed="0" covered="1"/><counter type="METHOD" missed="0" covered="1"/></method><counter type="INSTRUCTION" missed="0" covered="21"/><counter type="LINE" missed="0" covered="1"/><counter type="COMPLEXITY" missed="0" covered="1"/><counter type="METHOD" missed="0" covered="1"/><counter type="CLASS" missed="0" covered="1"/></class><class name="com/empresa/pedidos/dto/PedidoCreateEvent" sourcefilename="PedidoCreateEvent.java"><method name="&lt;init&gt;" desc="(Ljava/lang/String;Ljava/lang/String;Ljava/lang/Long;Ljava/lang/Long;Ljava/lang/Long;Ljava/math/BigDecimal;Ljava/lang/Integer;Ljava/lang/String;)V" line="5"><counter type="INSTRUCTION" missed="0" covered="27"/><counter type="LINE" missed="0" covered="1"/><counter type="COMPLEXITY" missed="0" covered="1"/><counter type="METHOD" missed="0" covered="1"/></method><counter type="INSTRUCTION" missed="0" covered="27"/><counter type="LINE" missed="0" covered="1"/><counter type="COMPLEXITY" missed="0" covered="1"/><counter type="METHOD" missed="0" covered="1"/><counter type="CLASS" missed="0" covered="1"/></class><class name="com/empresa/pedidos/dto/PedidoStatusRequest" sourcefilename="PedidoStatusRequest.java"><method name="&lt;init&gt;" desc="(Ljava/lang/String;)V" line="5"><counter type="INSTRUCTION" missed="0" covered="6"/><counter type="LINE" missed="0" covered="1"/><counter type="COMPLEXITY" missed="0" covered="1"/><counter type="METHOD" missed="0" covered="1"/></method><counter type="INSTRUCTION" missed="0" covered="6"/><counter type="LINE" missed="0" covered="1"/><counter type="COMPLEXITY" missed="0" covered="1"/><counter type="METHOD" missed="0" covered="1"/><counter type="CLASS" missed="0" covered="1"/></class><class name="com/empresa/pedidos/dto/PedidoResponseEvent" sourcefilename="PedidoResponseEvent.java"><method name="&lt;init&gt;" desc="(Ljava/lang/String;Ljava/lang/Long;Ljava/lang/String;)V" line="3"><counter type="INSTRUCTION" missed="0" covered="12"/><counter type="LINE" missed="0" covered="1"/><counter type="COMPLEXITY" missed="0" covered="1"/><counter type="METHOD" missed="0" covered="1"/></method><counter type="INSTRUCTION" missed="0" covered="12"/><counter type="LINE" missed="0" covered="1"/><counter type="COMPLEXITY" missed="0" covered="1"/><counter type="METHOD" missed="0" covered="1"/><counter type="CLASS" missed="0" covered="1"/></class><class name="com/empresa/pedidos/dto/PedidoRequest" sourcefilename="PedidoRequest.java"><method name="&lt;init&gt;" desc="(Ljava/lang/Long;Ljava/lang/Long;Ljava/lang/Integer;)V" line="6"><counter type="INSTRUCTION" missed="0" covered="12"/><counter type="LINE" missed="0" covered="1"/><counter type="COMPLEXITY" missed="0" covered="1"/><counter type="METHOD" missed="0" covered="1"/></method><counter type="INSTRUCTION" missed="0" covered="12"/><counter type="LINE" missed="0" covered="1"/><counter type="COMPLEXITY" missed="0" covered="1"/><counter type="METHOD" missed="0" covered="1"/><counter type="CLASS" missed="0" covered="1"/></class><sourcefile name="PedidoCreateEvent.java"><line nr="5" mi="0" ci="27" mb="0" cb="0"/><counter type="INSTRUCTION" missed="0" covered="27"/><counter type="LINE" missed="0" covered="1"/><counter type="COMPLEXITY" missed="0" covered="1"/><counter type="METHOD" missed="0" covered="1"/><counter type="CLASS" missed="0" covered="1"/></sourcefile><sourcefile name="ProdutoCacheDto.java"><line nr="6" mi="0" ci="21" mb="0" cb="0"/><counter type="INSTRUCTION" missed="0" covered="21"/><counter type="LINE" missed="0" covered="1"/><counter type="COMPLEXITY" missed="0" covered="1"/><counter type="METHOD" missed="0" covered="1"/><counter type="CLASS" missed="0" covered="1"/></sourcefile><sourcefile name="PedidoResponse.java"><line nr="6" mi="0" ci="27" mb="0" cb="0"/><counter type="INSTRUCTION" missed="0" covered="27"/><counter type="LINE" missed="0" covered="1"/><counter type="COMPLEXITY" missed="0" covered="1"/><counter type="METHOD" missed="0" covered="1"/><counter type="CLASS" missed="0" covered="1"/></sourcefile><sourcefile name="PedidoStatusRequest.java"><line nr="5" mi="0" ci="6" mb="0" cb="0"/><counter type="INSTRUCTION" missed="0" covered="6"/><counter type="LINE" missed="0" covered="1"/><counter type="COMPLEXITY" missed="0" covered="1"/><counter type="METHOD" missed="0" covered="1"/><counter type="CLASS" missed="0" covered="1"/></sourcefile><sourcefile name="PedidoResponseEvent.java"><line nr="3" mi="0" ci="12" mb="0" cb="0"/><counter type="INSTRUCTION" missed="0" covered="12"/><counter type="LINE" missed="0" covered="1"/><counter type="COMPLEXITY" missed="0" covered="1"/><counter type="METHOD" missed="0" covered="1"/><counter type="CLASS" missed="0" covered="1"/></sourcefile><sourcefile name="PedidoRequest.java"><line nr="6" mi="0" ci="12" mb="0" cb="0"/><counter type="INSTRUCTION" missed="0" covered="12"/><counter type="LINE" missed="0" covered="1"/><counter type="COMPLEXITY" missed="0" covered="1"/><counter type="METHOD" missed="0" covered="1"/><counter type="CLASS" missed="0" covered="1"/></sourcefile><sourcefile name="PageResponse.java"><line nr="5" mi="0" ci="36" mb="0" cb="0"/><counter type="INSTRUCTION" missed="0" covered="36"/><counter type="LINE" missed="0" covered="1"/><counter type="COMPLEXITY" missed="0" covered="1"/><counter type="METHOD" missed="0" covered="1"/><counter type="CLASS" missed="0" covered="1"/></sourcefile><counter type="INSTRUCTION" missed="0" covered="141"/><counter type="LINE" missed="0" covered="7"/><counter type="COMPLEXITY" missed="0" covered="7"/><counter type="METHOD" missed="0" covered="7"/><counter type="CLASS" missed="0" covered="7"/></package><package name="com/empresa/pedidos/audit"><class name="com/empresa/pedidos/audit/AuditoriaService" sourcefilename="AuditoriaService.java"><method name="registrar" desc="(Lcom/empresa/pedidos/audit/OperacaoAuditoria;Ljava/lang/Long;Ljava/lang/String;)V" line="20"><counter type="INSTRUCTION" missed="0" covered="18"/><counter type="LINE" missed="0" covered="7"/><counter type="COMPLEXITY" missed="0" covered="1"/><counter type="METHOD" missed="0" covered="1"/></method><method name="registrarErro" desc="(Ljava/lang/Long;Ljava/lang/String;)V" line="33"><counter type="INSTRUCTION" missed="0" covered="6"/><counter type="LINE" missed="0" covered="2"/><counter type="COMPLEXITY" missed="0" covered="1"/><counter type="METHOD" missed="0" covered="1"/></method><method name="&lt;clinit&gt;" desc="()V" line="9"><counter type="INSTRUCTION" missed="0" covered="4"/><counter type="LINE" missed="0" covered="1"/><counter type="COMPLEXITY" missed="0" covered="1"/><counter type="METHOD" missed="0" covered="1"/></method><counter type="INSTRUCTION" missed="0" covered="28"/><counter type="LINE" missed="0" covered="10"/><counter type="COMPLEXITY" missed="0" covered="3"/><counter type="METHOD" missed="0" covered="3"/><counter type="CLASS" missed="0" covered="1"/></class><class name="com/empresa/pedidos/audit/OperacaoAuditoria" sourcefilename="OperacaoAuditoria.java"><method name="&lt;clinit&gt;" desc="()V" line="3"><counter type="INSTRUCTION" missed="0" covered="33"/><counter type="LINE" missed="0" covered="6"/><counter type="COMPLEXITY" missed="0" covered="1"/><counter type="METHOD" missed="0" covered="1"/></method><counter type="INSTRUCTION" missed="0" covered="33"/><counter type="LINE" missed="0" covered="6"/><counter type="COMPLEXITY" missed="0" covered="1"/><counter type="METHOD" missed="0" covered="1"/><counter type="CLASS" missed="0" covered="1"/></class><sourcefile name="OperacaoAuditoria.java"><line nr="3" mi="0" ci="3" mb="0" cb="0"/><line nr="4" mi="0" ci="6" mb="0" cb="0"/><line nr="5" mi="0" ci="6" mb="0" cb="0"/><line nr="6" mi="0" ci="6" mb="0" cb="0"/><line nr="7" mi="0" ci="6" mb="0" cb="0"/><line nr="8" mi="0" ci="6" mb="0" cb="0"/><counter type="INSTRUCTION" missed="0" covered="33"/><counter type="LINE" missed="0" covered="6"/><counter type="COMPLEXITY" missed="0" covered="1"/><counter type="METHOD" missed="0" covered="1"/><counter type="CLASS" missed="0" covered="1"/></sourcefile><sourcefile name="AuditoriaService.java"><line nr="9" mi="0" ci="4" mb="0" cb="0"/><line nr="20" mi="0" ci="4" mb="0" cb="0"/><line nr="21" mi="0" ci="3" mb="0" cb="0"/><line nr="24" mi="0" ci="2" mb="0" cb="0"/><line nr="27" mi="0" ci="1" mb="0" cb="0"/><line nr="28" mi="0" ci="6" mb="0" cb="0"/><line nr="29" mi="0" ci="1" mb="0" cb="0"/><line nr="30" mi="0" ci="1" mb="0" cb="0"/><line nr="33" mi="0" ci="5" mb="0" cb="0"/><line nr="34" mi="0" ci="1" mb="0" cb="0"/><counter type="INSTRUCTION" missed="0" covered="28"/><counter type="LINE" missed="0" covered="10"/><counter type="COMPLEXITY" missed="0" covered="3"/><counter type="METHOD" missed="0" covered="3"/><counter type="CLASS" missed="0" covered="1"/></sourcefile><counter type="INSTRUCTION" missed="0" covered="61"/><counter type="LINE" missed="0" covered="16"/><counter type="COMPLEXITY" missed="0" covered="4"/><counter type="METHOD" missed="0" covered="4"/><counter type="CLASS" missed="0" covered="2"/></package><counter type="INSTRUCTION" missed="81" covered="1945"/><counter type="BRANCH" missed="19" covered="59"/><counter type="LINE" missed="16" covered="437"/><counter type="COMPLEXITY" missed="25" covered="132"/><counter type="METHOD" missed="7" covered="111"/><counter type="CLASS" missed="1" covered="43"/></report>